WARN  [Thread-6] 2016-06-15 10:31:18,038 repast.simphony.space.grid.RandomGridAdder - Possible hang in filling grid 'Grid': grid may be full. Please reduce number of agents added, use a larger grid, or write a custom GridAdder
WARN  [Thread-6] 2016-06-15 10:31:18,166 repast.simphony.space.grid.RandomGridAdder - Possible hang in filling grid 'Grid': grid may be full. Please reduce number of agents added, use a larger grid, or write a custom GridAdder
WARN  [Thread-6] 2016-06-15 10:31:18,574 repast.simphony.space.grid.RandomGridAdder - Possible hang in filling grid 'Grid': grid may be full. Please reduce number of agents added, use a larger grid, or write a custom GridAdder
WARN  [Thread-6] 2016-06-15 10:31:18,686 repast.simphony.space.grid.RandomGridAdder - Possible hang in filling grid 'Grid': grid may be full. Please reduce number of agents added, use a larger grid, or write a custom GridAdder
WARN  [Thread-6] 2016-06-15 10:31:18,705 repast.simphony.space.grid.RandomGridAdder - Possible hang in filling grid 'Grid': grid may be full. Please reduce number of agents added, use a larger grid, or write a custom GridAdder
WARN  [Thread-6] 2016-09-09 15:25:24,231 repast.simphony.space.grid.RandomGridAdder - Possible hang in filling grid 'Grid': grid may be full. Please reduce number of agents added, use a larger grid, or write a custom GridAdder
WARN  [Thread-6] 2016-09-09 15:25:24,553 repast.simphony.space.grid.RandomGridAdder - Possible hang in filling grid 'Grid': grid may be full. Please reduce number of agents added, use a larger grid, or write a custom GridAdder
WARN  [Thread-6] 2016-09-09 15:25:24,642 repast.simphony.space.grid.RandomGridAdder - Possible hang in filling grid 'Grid': grid may be full. Please reduce number of agents added, use a larger grid, or write a custom GridAdder
WARN  [Thread-6] 2016-09-09 15:25:25,045 repast.simphony.space.grid.RandomGridAdder - Possible hang in filling grid 'Grid': grid may be full. Please reduce number of agents added, use a larger grid, or write a custom GridAdder
WARN  [Thread-6] 2016-09-09 15:25:25,253 repast.simphony.space.grid.RandomGridAdder - Possible hang in filling grid 'Grid': grid may be full. Please reduce number of agents added, use a larger grid, or write a custom GridAdder
WARN  [Thread-6] 2016-09-09 15:25:25,373 repast.simphony.space.grid.RandomGridAdder - Possible hang in filling grid 'Grid': grid may be full. Please reduce number of agents added, use a larger grid, or write a custom GridAdder
WARN  [Thread-6] 2016-09-09 15:25:25,810 repast.simphony.space.grid.RandomGridAdder - Possible hang in filling grid 'Grid': grid may be full. Please reduce number of agents added, use a larger grid, or write a custom GridAdder
WARN  [Thread-6] 2016-10-25 14:02:24,977 repast.simphony.space.grid.RandomGridAdder - Possible hang in filling grid 'Grid': grid may be full. Please reduce number of agents added, use a larger grid, or write a custom GridAdder
WARN  [Thread-6] 2016-10-25 14:02:25,204 repast.simphony.space.grid.RandomGridAdder - Possible hang in filling grid 'Grid': grid may be full. Please reduce number of agents added, use a larger grid, or write a custom GridAdder
WARN  [Thread-6] 2016-10-25 14:02:25,421 repast.simphony.space.grid.RandomGridAdder - Possible hang in filling grid 'Grid': grid may be full. Please reduce number of agents added, use a larger grid, or write a custom GridAdder
WARN  [Thread-6] 2016-10-25 14:02:25,502 repast.simphony.space.grid.RandomGridAdder - Possible hang in filling grid 'Grid': grid may be full. Please reduce number of agents added, use a larger grid, or write a custom GridAdder
WARN  [Thread-6] 2016-10-25 14:02:26,017 repast.simphony.space.grid.RandomGridAdder - Possible hang in filling grid 'Grid': grid may be full. Please reduce number of agents added, use a larger grid, or write a custom GridAdder
WARN  [Thread-6] 2016-10-26 08:57:23,460 repast.simphony.space.grid.RandomGridAdder - Possible hang in filling grid 'Grid': grid may be full. Please reduce number of agents added, use a larger grid, or write a custom GridAdder
WARN  [Thread-6] 2016-10-26 08:57:23,491 repast.simphony.space.grid.RandomGridAdder - Possible hang in filling grid 'Grid': grid may be full. Please reduce number of agents added, use a larger grid, or write a custom GridAdder
WARN  [Thread-6] 2016-10-26 08:57:23,496 repast.simphony.space.grid.RandomGridAdder - Possible hang in filling grid 'Grid': grid may be full. Please reduce number of agents added, use a larger grid, or write a custom GridAdder
WARN  [Thread-6] 2016-10-26 08:57:23,502 repast.simphony.space.grid.RandomGridAdder - Possible hang in filling grid 'Grid': grid may be full. Please reduce number of agents added, use a larger grid, or write a custom GridAdder
WARN  [Thread-6] 2016-10-26 08:57:23,528 repast.simphony.space.grid.RandomGridAdder - Possible hang in filling grid 'Grid': grid may be full. Please reduce number of agents added, use a larger grid, or write a custom GridAdder
WARN  [Thread-6] 2016-10-26 08:57:23,544 repast.simphony.space.grid.RandomGridAdder - Possible hang in filling grid 'Grid': grid may be full. Please reduce number of agents added, use a larger grid, or write a custom GridAdder
WARN  [Thread-6] 2016-10-26 08:57:23,595 repast.simphony.space.grid.RandomGridAdder - Possible hang in filling grid 'Grid': grid may be full. Please reduce number of agents added, use a larger grid, or write a custom GridAdder
WARN  [Thread-6] 2016-10-26 08:58:17,602 repast.simphony.space.grid.RandomGridAdder - Possible hang in filling grid 'Grid': grid may be full. Please reduce number of agents added, use a larger grid, or write a custom GridAdder
WARN  [Thread-6] 2016-10-26 08:58:17,656 repast.simphony.space.grid.RandomGridAdder - Possible hang in filling grid 'Grid': grid may be full. Please reduce number of agents added, use a larger grid, or write a custom GridAdder
WARN  [Thread-6] 2016-10-26 08:58:17,715 repast.simphony.space.grid.RandomGridAdder - Possible hang in filling grid 'Grid': grid may be full. Please reduce number of agents added, use a larger grid, or write a custom GridAdder
WARN  [Thread-6] 2016-10-26 08:58:17,791 repast.simphony.space.grid.RandomGridAdder - Possible hang in filling grid 'Grid': grid may be full. Please reduce number of agents added, use a larger grid, or write a custom GridAdder
ERROR [AWT-EventQueue-0] 2016-10-26 09:00:41,700 repast.simphony.visualization.engine.DisplayComponentControllerAction - Error while creating displays
repast.simphony.visualization.engine.DisplayCreationException: Error while creating display.
	at repast.simphony.visualization.engine.DisplayCreatorOGL2D.createDisplay(DisplayCreatorOGL2D.java:102)
	at repast.simphony.visualization.engine.DisplayProducer.createDisplay(DisplayProducer.java:45)
	at repast.simphony.visualization.engine.DisplayComponentControllerAction.runInitialize(DisplayComponentControllerAction.java:104)
	at repast.simphony.engine.controller.DefaultController$2.visit(DefaultController.java:214)
	at repast.simphony.engine.controller.DefaultController$2.visit(DefaultController.java:1)
	at repast.simphony.util.collections.NaryTree.preOrderTraverals(NaryTree.java:292)
	at repast.simphony.util.collections.NaryTree.preOrderTraverals(NaryTree.java:295)
	at repast.simphony.util.collections.NaryTree.preOrderTraverals(NaryTree.java:295)
	at repast.simphony.util.collections.NaryTree.preOrderTraversal(NaryTree.java:288)
	at repast.simphony.engine.controller.DefaultController.runInitialize(DefaultController.java:212)
	at repast.simphony.engine.controller.DefaultController.runInitialize(DefaultController.java:383)
	at repast.simphony.ui.RSApplication.initSim(RSApplication.java:157)
	at repast.simphony.ui.RSApplication.start(RSApplication.java:189)
	at repast.simphony.ui.action.StartRun.actionPerformed(StartRun.java:17)
	at javax.swing.AbstractButton.fireActionPerformed(AbstractButton.java:2018)
	at javax.swing.AbstractButton$Handler.actionPerformed(AbstractButton.java:2341)
	at javax.swing.DefaultButtonModel.fireActionPerformed(DefaultButtonModel.java:402)
	at javax.swing.DefaultButtonModel.setPressed(DefaultButtonModel.java:259)
	at javax.swing.plaf.basic.BasicButtonListener.mouseReleased(BasicButtonListener.java:252)
	at java.awt.AWTEventMulticaster.mouseReleased(AWTEventMulticaster.java:289)
	at java.awt.Component.processMouseEvent(Component.java:6516)
	at javax.swing.JComponent.processMouseEvent(JComponent.java:3321)
	at java.awt.Component.processEvent(Component.java:6281)
	at java.awt.Container.processEvent(Container.java:2229)
	at java.awt.Component.dispatchEventImpl(Component.java:4872)
	at java.awt.Container.dispatchEventImpl(Container.java:2287)
	at java.awt.Component.dispatchEvent(Component.java:4698)
	at java.awt.LightweightDispatcher.retargetMouseEvent(Container.java:4832)
	at java.awt.LightweightDispatcher.processMouseEvent(Container.java:4492)
	at java.awt.LightweightDispatcher.dispatchEvent(Container.java:4422)
	at java.awt.Container.dispatchEventImpl(Container.java:2273)
	at java.awt.Window.dispatchEventImpl(Window.java:2719)
	at java.awt.Component.dispatchEvent(Component.java:4698)
	at java.awt.EventQueue.dispatchEventImpl(EventQueue.java:747)
	at java.awt.EventQueue.access$300(EventQueue.java:103)
	at java.awt.EventQueue$3.run(EventQueue.java:706)
	at java.awt.EventQueue$3.run(EventQueue.java:704)
	at java.security.AccessController.doPrivileged(Native Method)
	at java.security.ProtectionDomain$1.doIntersectionPrivilege(ProtectionDomain.java:76)
	at java.security.ProtectionDomain$1.doIntersectionPrivilege(ProtectionDomain.java:87)
	at java.awt.EventQueue$4.run(EventQueue.java:720)
	at java.awt.EventQueue$4.run(EventQueue.java:718)
	at java.security.AccessController.doPrivileged(Native Method)
	at java.security.ProtectionDomain$1.doIntersectionPrivilege(ProtectionDomain.java:76)
	at java.awt.EventQueue.dispatchEvent(EventQueue.java:717)
	at java.awt.EventDispatchThread.pumpOneEventForFilters(EventDispatchThread.java:242)
	at java.awt.EventDispatchThread.pumpEventsForFilter(EventDispatchThread.java:161)
	at java.awt.EventDispatchThread.pumpEventsForHierarchy(EventDispatchThread.java:150)
	at java.awt.EventDispatchThread.pumpEvents(EventDispatchThread.java:146)
	at java.awt.EventDispatchThread.pumpEvents(EventDispatchThread.java:138)
	at java.awt.EventDispatchThread.run(EventDispatchThread.java:91)
Caused by: java.lang.ClassNotFoundException: Cells.Cell
	at org.java.plugin.standard.StandardPluginClassLoader.loadClass(Unknown Source)
	at java.lang.ClassLoader.loadClass(ClassLoader.java:358)
	at java.lang.Class.forName0(Native Method)
	at java.lang.Class.forName(Class.java:274)
	at repast.simphony.visualization.engine.StyleRegistrar.registerStyles(StyleRegistrar.java:87)
	at repast.simphony.visualization.engine.StyleRegistrar.registerStyles(StyleRegistrar.java:34)
	at repast.simphony.visualization.engine.DisplayCreatorOGL2D.createDisplay(DisplayCreatorOGL2D.java:79)
	... 50 more
WARN  [Thread-6] 2016-10-26 09:00:48,180 repast.simphony.space.grid.RandomGridAdder - Possible hang in filling grid 'Grid': grid may be full. Please reduce number of agents added, use a larger grid, or write a custom GridAdder
WARN  [Thread-6] 2016-10-26 09:00:48,365 repast.simphony.space.grid.RandomGridAdder - Possible hang in filling grid 'Grid': grid may be full. Please reduce number of agents added, use a larger grid, or write a custom GridAdder
WARN  [Thread-6] 2016-10-26 09:00:48,563 repast.simphony.space.grid.RandomGridAdder - Possible hang in filling grid 'Grid': grid may be full. Please reduce number of agents added, use a larger grid, or write a custom GridAdder
WARN  [Thread-6] 2016-10-26 09:00:48,655 repast.simphony.space.grid.RandomGridAdder - Possible hang in filling grid 'Grid': grid may be full. Please reduce number of agents added, use a larger grid, or write a custom GridAdder
WARN  [Thread-6] 2016-10-26 09:00:48,725 repast.simphony.space.grid.RandomGridAdder - Possible hang in filling grid 'Grid': grid may be full. Please reduce number of agents added, use a larger grid, or write a custom GridAdder
ERROR [AWT-EventQueue-0] 2016-10-26 09:00:59,676 repast.simphony.visualization.engine.DisplayComponentControllerAction - Error while creating displays
repast.simphony.visualization.engine.DisplayCreationException: Error while creating display.
	at repast.simphony.visualization.engine.DisplayCreatorOGL2D.createDisplay(DisplayCreatorOGL2D.java:102)
	at repast.simphony.visualization.engine.DisplayProducer.createDisplay(DisplayProducer.java:45)
	at repast.simphony.visualization.engine.DisplayComponentControllerAction.runInitialize(DisplayComponentControllerAction.java:104)
	at repast.simphony.engine.controller.DefaultController$2.visit(DefaultController.java:214)
	at repast.simphony.engine.controller.DefaultController$2.visit(DefaultController.java:1)
	at repast.simphony.util.collections.NaryTree.preOrderTraverals(NaryTree.java:292)
	at repast.simphony.util.collections.NaryTree.preOrderTraverals(NaryTree.java:295)
	at repast.simphony.util.collections.NaryTree.preOrderTraverals(NaryTree.java:295)
	at repast.simphony.util.collections.NaryTree.preOrderTraversal(NaryTree.java:288)
	at repast.simphony.engine.controller.DefaultController.runInitialize(DefaultController.java:212)
	at repast.simphony.engine.controller.DefaultController.runInitialize(DefaultController.java:383)
	at repast.simphony.ui.RSApplication.initSim(RSApplication.java:157)
	at repast.simphony.ui.RSApplication.start(RSApplication.java:189)
	at repast.simphony.ui.action.StartRun.actionPerformed(StartRun.java:17)
	at javax.swing.AbstractButton.fireActionPerformed(AbstractButton.java:2018)
	at javax.swing.AbstractButton$Handler.actionPerformed(AbstractButton.java:2341)
	at javax.swing.DefaultButtonModel.fireActionPerformed(DefaultButtonModel.java:402)
	at javax.swing.DefaultButtonModel.setPressed(DefaultButtonModel.java:259)
	at javax.swing.plaf.basic.BasicButtonListener.mouseReleased(BasicButtonListener.java:252)
	at java.awt.AWTEventMulticaster.mouseReleased(AWTEventMulticaster.java:289)
	at java.awt.Component.processMouseEvent(Component.java:6516)
	at javax.swing.JComponent.processMouseEvent(JComponent.java:3321)
	at java.awt.Component.processEvent(Component.java:6281)
	at java.awt.Container.processEvent(Container.java:2229)
	at java.awt.Component.dispatchEventImpl(Component.java:4872)
	at java.awt.Container.dispatchEventImpl(Container.java:2287)
	at java.awt.Component.dispatchEvent(Component.java:4698)
	at java.awt.LightweightDispatcher.retargetMouseEvent(Container.java:4832)
	at java.awt.LightweightDispatcher.processMouseEvent(Container.java:4492)
	at java.awt.LightweightDispatcher.dispatchEvent(Container.java:4422)
	at java.awt.Container.dispatchEventImpl(Container.java:2273)
	at java.awt.Window.dispatchEventImpl(Window.java:2719)
	at java.awt.Component.dispatchEvent(Component.java:4698)
	at java.awt.EventQueue.dispatchEventImpl(EventQueue.java:747)
	at java.awt.EventQueue.access$300(EventQueue.java:103)
	at java.awt.EventQueue$3.run(EventQueue.java:706)
	at java.awt.EventQueue$3.run(EventQueue.java:704)
	at java.security.AccessController.doPrivileged(Native Method)
	at java.security.ProtectionDomain$1.doIntersectionPrivilege(ProtectionDomain.java:76)
	at java.security.ProtectionDomain$1.doIntersectionPrivilege(ProtectionDomain.java:87)
	at java.awt.EventQueue$4.run(EventQueue.java:720)
	at java.awt.EventQueue$4.run(EventQueue.java:718)
	at java.security.AccessController.doPrivileged(Native Method)
	at java.security.ProtectionDomain$1.doIntersectionPrivilege(ProtectionDomain.java:76)
	at java.awt.EventQueue.dispatchEvent(EventQueue.java:717)
	at java.awt.EventDispatchThread.pumpOneEventForFilters(EventDispatchThread.java:242)
	at java.awt.EventDispatchThread.pumpEventsForFilter(EventDispatchThread.java:161)
	at java.awt.EventDispatchThread.pumpEventsForHierarchy(EventDispatchThread.java:150)
	at java.awt.EventDispatchThread.pumpEvents(EventDispatchThread.java:146)
	at java.awt.EventDispatchThread.pumpEvents(EventDispatchThread.java:138)
	at java.awt.EventDispatchThread.run(EventDispatchThread.java:91)
Caused by: java.lang.ClassNotFoundException: Cells.Cell
	at org.java.plugin.standard.StandardPluginClassLoader.loadClass(Unknown Source)
	at java.lang.ClassLoader.loadClass(ClassLoader.java:358)
	at java.lang.Class.forName0(Native Method)
	at java.lang.Class.forName(Class.java:274)
	at repast.simphony.visualization.engine.StyleRegistrar.registerStyles(StyleRegistrar.java:87)
	at repast.simphony.visualization.engine.StyleRegistrar.registerStyles(StyleRegistrar.java:34)
	at repast.simphony.visualization.engine.DisplayCreatorOGL2D.createDisplay(DisplayCreatorOGL2D.java:79)
	... 50 more
WARN  [Thread-6] 2016-10-26 09:01:52,598 repast.simphony.space.grid.RandomGridAdder - Possible hang in filling grid 'Grid': grid may be full. Please reduce number of agents added, use a larger grid, or write a custom GridAdder
WARN  [Thread-6] 2016-10-26 09:01:52,657 repast.simphony.space.grid.RandomGridAdder - Possible hang in filling grid 'Grid': grid may be full. Please reduce number of agents added, use a larger grid, or write a custom GridAdder
WARN  [Thread-6] 2016-10-26 09:01:52,708 repast.simphony.space.grid.RandomGridAdder - Possible hang in filling grid 'Grid': grid may be full. Please reduce number of agents added, use a larger grid, or write a custom GridAdder
WARN  [Thread-6] 2016-10-26 09:01:52,737 repast.simphony.space.grid.RandomGridAdder - Possible hang in filling grid 'Grid': grid may be full. Please reduce number of agents added, use a larger grid, or write a custom GridAdder
WARN  [Thread-6] 2016-10-26 09:01:52,779 repast.simphony.space.grid.RandomGridAdder - Possible hang in filling grid 'Grid': grid may be full. Please reduce number of agents added, use a larger grid, or write a custom GridAdder
WARN  [Thread-6] 2016-10-26 09:01:52,819 repast.simphony.space.grid.RandomGridAdder - Possible hang in filling grid 'Grid': grid may be full. Please reduce number of agents added, use a larger grid, or write a custom GridAdder
WARN  [Thread-6] 2016-10-26 09:01:52,890 repast.simphony.space.grid.RandomGridAdder - Possible hang in filling grid 'Grid': grid may be full. Please reduce number of agents added, use a larger grid, or write a custom GridAdder
WARN  [Thread-6] 2016-10-26 09:01:52,986 repast.simphony.space.grid.RandomGridAdder - Possible hang in filling grid 'Grid': grid may be full. Please reduce number of agents added, use a larger grid, or write a custom GridAdder
WARN  [Thread-6] 2016-10-26 12:14:24,739 repast.simphony.space.grid.RandomGridAdder - Possible hang in filling grid 'Grid': grid may be full. Please reduce number of agents added, use a larger grid, or write a custom GridAdder
WARN  [Thread-6] 2016-10-26 12:14:24,756 repast.simphony.space.grid.RandomGridAdder - Possible hang in filling grid 'Grid': grid may be full. Please reduce number of agents added, use a larger grid, or write a custom GridAdder
WARN  [Thread-6] 2016-10-26 12:14:24,862 repast.simphony.space.grid.RandomGridAdder - Possible hang in filling grid 'Grid': grid may be full. Please reduce number of agents added, use a larger grid, or write a custom GridAdder
WARN  [Thread-6] 2016-10-26 12:14:24,957 repast.simphony.space.grid.RandomGridAdder - Possible hang in filling grid 'Grid': grid may be full. Please reduce number of agents added, use a larger grid, or write a custom GridAdder
WARN  [Thread-6] 2016-10-26 12:14:24,988 repast.simphony.space.grid.RandomGridAdder - Possible hang in filling grid 'Grid': grid may be full. Please reduce number of agents added, use a larger grid, or write a custom GridAdder
WARN  [Thread-6] 2016-10-26 15:19:46,178 repast.simphony.space.grid.RandomGridAdder - Possible hang in filling grid 'Grid': grid may be full. Please reduce number of agents added, use a larger grid, or write a custom GridAdder
WARN  [Thread-6] 2016-10-26 15:19:46,214 repast.simphony.space.grid.RandomGridAdder - Possible hang in filling grid 'Grid': grid may be full. Please reduce number of agents added, use a larger grid, or write a custom GridAdder
WARN  [Thread-6] 2016-10-26 15:19:46,232 repast.simphony.space.grid.RandomGridAdder - Possible hang in filling grid 'Grid': grid may be full. Please reduce number of agents added, use a larger grid, or write a custom GridAdder
WARN  [Thread-6] 2016-10-26 15:19:46,244 repast.simphony.space.grid.RandomGridAdder - Possible hang in filling grid 'Grid': grid may be full. Please reduce number of agents added, use a larger grid, or write a custom GridAdder
WARN  [Thread-6] 2016-10-26 15:19:46,250 repast.simphony.space.grid.RandomGridAdder - Possible hang in filling grid 'Grid': grid may be full. Please reduce number of agents added, use a larger grid, or write a custom GridAdder
WARN  [Thread-6] 2016-10-26 15:19:46,264 repast.simphony.space.grid.RandomGridAdder - Possible hang in filling grid 'Grid': grid may be full. Please reduce number of agents added, use a larger grid, or write a custom GridAdder
WARN  [Thread-6] 2016-10-26 15:19:46,284 repast.simphony.space.grid.RandomGridAdder - Possible hang in filling grid 'Grid': grid may be full. Please reduce number of agents added, use a larger grid, or write a custom GridAdder
WARN  [Thread-6] 2016-10-26 15:19:46,306 repast.simphony.space.grid.RandomGridAdder - Possible hang in filling grid 'Grid': grid may be full. Please reduce number of agents added, use a larger grid, or write a custom GridAdder
WARN  [Thread-6] 2016-10-26 15:19:46,392 repast.simphony.space.grid.RandomGridAdder - Possible hang in filling grid 'Grid': grid may be full. Please reduce number of agents added, use a larger grid, or write a custom GridAdder
WARN  [Thread-7] 2016-10-26 15:19:53,439 repast.simphony.space.grid.RandomGridAdder - Possible hang in filling grid 'Grid': grid may be full. Please reduce number of agents added, use a larger grid, or write a custom GridAdder
WARN  [Thread-7] 2016-10-26 15:19:53,455 repast.simphony.space.grid.RandomGridAdder - Possible hang in filling grid 'Grid': grid may be full. Please reduce number of agents added, use a larger grid, or write a custom GridAdder
WARN  [Thread-7] 2016-10-26 15:19:53,464 repast.simphony.space.grid.RandomGridAdder - Possible hang in filling grid 'Grid': grid may be full. Please reduce number of agents added, use a larger grid, or write a custom GridAdder
WARN  [Thread-7] 2016-10-26 15:19:53,473 repast.simphony.space.grid.RandomGridAdder - Possible hang in filling grid 'Grid': grid may be full. Please reduce number of agents added, use a larger grid, or write a custom GridAdder
WARN  [Thread-7] 2016-10-26 15:19:53,480 repast.simphony.space.grid.RandomGridAdder - Possible hang in filling grid 'Grid': grid may be full. Please reduce number of agents added, use a larger grid, or write a custom GridAdder
WARN  [Thread-7] 2016-10-26 15:19:53,490 repast.simphony.space.grid.RandomGridAdder - Possible hang in filling grid 'Grid': grid may be full. Please reduce number of agents added, use a larger grid, or write a custom GridAdder
WARN  [Thread-7] 2016-10-26 15:19:53,496 repast.simphony.space.grid.RandomGridAdder - Possible hang in filling grid 'Grid': grid may be full. Please reduce number of agents added, use a larger grid, or write a custom GridAdder
WARN  [Thread-7] 2016-10-26 15:19:53,529 repast.simphony.space.grid.RandomGridAdder - Possible hang in filling grid 'Grid': grid may be full. Please reduce number of agents added, use a larger grid, or write a custom GridAdder
WARN  [Thread-7] 2016-10-26 15:19:53,594 repast.simphony.space.grid.RandomGridAdder - Possible hang in filling grid 'Grid': grid may be full. Please reduce number of agents added, use a larger grid, or write a custom GridAdder
WARN  [Thread-6] 2016-10-26 15:22:45,005 repast.simphony.space.grid.RandomGridAdder - Possible hang in filling grid 'Grid': grid may be full. Please reduce number of agents added, use a larger grid, or write a custom GridAdder
WARN  [Thread-6] 2016-10-26 15:22:45,121 repast.simphony.space.grid.RandomGridAdder - Possible hang in filling grid 'Grid': grid may be full. Please reduce number of agents added, use a larger grid, or write a custom GridAdder
WARN  [Thread-6] 2016-10-26 15:22:45,165 repast.simphony.space.grid.RandomGridAdder - Possible hang in filling grid 'Grid': grid may be full. Please reduce number of agents added, use a larger grid, or write a custom GridAdder
WARN  [Thread-6] 2016-10-26 15:22:45,193 repast.simphony.space.grid.RandomGridAdder - Possible hang in filling grid 'Grid': grid may be full. Please reduce number of agents added, use a larger grid, or write a custom GridAdder
WARN  [Thread-6] 2016-10-26 15:22:45,207 repast.simphony.space.grid.RandomGridAdder - Possible hang in filling grid 'Grid': grid may be full. Please reduce number of agents added, use a larger grid, or write a custom GridAdder
WARN  [Thread-6] 2016-10-26 15:26:21,237 repast.simphony.space.grid.RandomGridAdder - Possible hang in filling grid 'Grid': grid may be full. Please reduce number of agents added, use a larger grid, or write a custom GridAdder
WARN  [Thread-6] 2016-10-26 15:26:21,293 repast.simphony.space.grid.RandomGridAdder - Possible hang in filling grid 'Grid': grid may be full. Please reduce number of agents added, use a larger grid, or write a custom GridAdder
WARN  [Thread-6] 2016-10-26 15:26:21,342 repast.simphony.space.grid.RandomGridAdder - Possible hang in filling grid 'Grid': grid may be full. Please reduce number of agents added, use a larger grid, or write a custom GridAdder
WARN  [Thread-6] 2016-10-26 15:26:21,378 repast.simphony.space.grid.RandomGridAdder - Possible hang in filling grid 'Grid': grid may be full. Please reduce number of agents added, use a larger grid, or write a custom GridAdder
WARN  [Thread-6] 2016-10-26 15:26:21,502 repast.simphony.space.grid.RandomGridAdder - Possible hang in filling grid 'Grid': grid may be full. Please reduce number of agents added, use a larger grid, or write a custom GridAdder
WARN  [Thread-6] 2016-10-26 15:26:21,527 repast.simphony.space.grid.RandomGridAdder - Possible hang in filling grid 'Grid': grid may be full. Please reduce number of agents added, use a larger grid, or write a custom GridAdder
WARN  [Thread-6] 2016-10-26 15:26:21,595 repast.simphony.space.grid.RandomGridAdder - Possible hang in filling grid 'Grid': grid may be full. Please reduce number of agents added, use a larger grid, or write a custom GridAdder
ERROR [AWT-EventQueue-0] 2016-10-26 15:30:50,101 repast.simphony.ui.RSApplication - Scenario Load Error
repast.simphony.scenario.ScenarioLoadException: The content of elements must consist of well-formed character data or markup.
	at repast.simphony.scenario.ScenarioLoader.load(ScenarioLoader.java:220)
	at repast.simphony.ui.RSApplication.open(RSApplication.java:359)
	at repast.simphony.ui.RSAppConfigurator.postWindowOpen(RSAppConfigurator.java:39)
	at saf.core.ui.GUICreatorDelegate.runDisplay(GUICreatorDelegate.java:188)
	at saf.core.ui.GUICreator$1.run(GUICreator.java:18)
	at simphony.util.ThreadUtilities$Runner.run(ThreadUtilities.java:33)
	at simphony.util.ThreadUtilities.runInEventThread(ThreadUtilities.java:47)
	at saf.core.ui.GUICreator.runDisplay(GUICreator.java:16)
	at repast.simphony.ui.RSUIPlugin$1.run(RSUIPlugin.java:104)
	at java.awt.event.InvocationEvent.dispatch(InvocationEvent.java:312)
	at java.awt.EventQueue.dispatchEventImpl(EventQueue.java:745)
	at java.awt.EventQueue.access$300(EventQueue.java:103)
	at java.awt.EventQueue$3.run(EventQueue.java:706)
	at java.awt.EventQueue$3.run(EventQueue.java:704)
	at java.security.AccessController.doPrivileged(Native Method)
	at java.security.ProtectionDomain$1.doIntersectionPrivilege(ProtectionDomain.java:76)
	at java.awt.EventQueue.dispatchEvent(EventQueue.java:715)
	at java.awt.EventDispatchThread.pumpOneEventForFilters(EventDispatchThread.java:242)
	at java.awt.EventDispatchThread.pumpEventsForFilter(EventDispatchThread.java:161)
	at java.awt.EventDispatchThread.pumpEventsForHierarchy(EventDispatchThread.java:150)
	at java.awt.EventDispatchThread.pumpEvents(EventDispatchThread.java:146)
	at java.awt.EventDispatchThread.pumpEvents(EventDispatchThread.java:138)
	at java.awt.EventDispatchThread.run(EventDispatchThread.java:91)
Caused by: org.xml.sax.SAXParseException; systemId: file:/Users/m/Documents/workspace/Cells/Cells.rs/parameters.xml; lineNumber: 9; columnNumber: 7; The content of elements must consist of well-formed character data or markup.
	at com.sun.org.apache.xerces.internal.util.ErrorHandlerWrapper.createSAXParseException(ErrorHandlerWrapper.java:198)
	at com.sun.org.apache.xerces.internal.util.ErrorHandlerWrapper.fatalError(ErrorHandlerWrapper.java:177)
	at com.sun.org.apache.xerces.internal.impl.XMLErrorReporter.reportError(XMLErrorReporter.java:441)
	at com.sun.org.apache.xerces.internal.impl.XMLErrorReporter.reportError(XMLErrorReporter.java:368)
	at com.sun.org.apache.xerces.internal.impl.XMLScanner.reportFatalError(XMLScanner.java:1436)
	at com.sun.org.apache.xerces.internal.impl.XMLDocumentFragmentScannerImpl$FragmentContentDriver.startOfMarkup(XMLDocumentFragmentScannerImpl.java:2622)
	at com.sun.org.apache.xerces.internal.impl.XMLDocumentFragmentScannerImpl$FragmentContentDriver.next(XMLDocumentFragmentScannerImpl.java:2734)
	at com.sun.org.apache.xerces.internal.impl.XMLDocumentScannerImpl.next(XMLDocumentScannerImpl.java:606)
	at com.sun.org.apache.xerces.internal.impl.XMLDocumentFragmentScannerImpl.scanDocument(XMLDocumentFragmentScannerImpl.java:510)
	at com.sun.org.apache.xerces.internal.parsers.XML11Configuration.parse(XML11Configuration.java:848)
	at com.sun.org.apache.xerces.internal.parsers.XML11Configuration.parse(XML11Configuration.java:777)
	at com.sun.org.apache.xerces.internal.parsers.XMLParser.parse(XMLParser.java:141)
	at com.sun.org.apache.xerces.internal.parsers.AbstractSAXParser.parse(AbstractSAXParser.java:1213)
	at com.sun.org.apache.xerces.internal.jaxp.SAXParserImpl$JAXPSAXParser.parse(SAXParserImpl.java:648)
	at com.sun.org.apache.xerces.internal.jaxp.SAXParserImpl.parse(SAXParserImpl.java:332)
	at javax.xml.parsers.SAXParser.parse(SAXParser.java:328)
	at repast.simphony.parameter.ParametersParser.<init>(ParametersParser.java:46)
	at repast.simphony.scenario.ScenarioLoader.load(ScenarioLoader.java:168)
	... 22 more
ERROR [AWT-EventQueue-0] 2016-10-31 16:03:19,311 repast.simphony.visualization.engine.DisplayComponentControllerAction - Error while creating displays
repast.simphony.visualization.engine.DisplayCreationException: Error while creating display.
	at repast.simphony.visualization.engine.DisplayCreatorOGL2D.createDisplay(DisplayCreatorOGL2D.java:102)
	at repast.simphony.visualization.engine.DisplayProducer.createDisplay(DisplayProducer.java:45)
	at repast.simphony.visualization.engine.DisplayComponentControllerAction.runInitialize(DisplayComponentControllerAction.java:104)
	at repast.simphony.engine.controller.DefaultController$2.visit(DefaultController.java:214)
	at repast.simphony.engine.controller.DefaultController$2.visit(DefaultController.java:1)
	at repast.simphony.util.collections.NaryTree.preOrderTraverals(NaryTree.java:292)
	at repast.simphony.util.collections.NaryTree.preOrderTraverals(NaryTree.java:295)
	at repast.simphony.util.collections.NaryTree.preOrderTraverals(NaryTree.java:295)
	at repast.simphony.util.collections.NaryTree.preOrderTraversal(NaryTree.java:288)
	at repast.simphony.engine.controller.DefaultController.runInitialize(DefaultController.java:212)
	at repast.simphony.engine.controller.DefaultController.runInitialize(DefaultController.java:383)
	at repast.simphony.ui.RSApplication.initSim(RSApplication.java:157)
	at repast.simphony.ui.RSApplication.start(RSApplication.java:189)
	at repast.simphony.ui.action.StartRun.actionPerformed(StartRun.java:17)
	at javax.swing.AbstractButton.fireActionPerformed(AbstractButton.java:2018)
	at javax.swing.AbstractButton$Handler.actionPerformed(AbstractButton.java:2341)
	at javax.swing.DefaultButtonModel.fireActionPerformed(DefaultButtonModel.java:402)
	at javax.swing.DefaultButtonModel.setPressed(DefaultButtonModel.java:259)
	at javax.swing.plaf.basic.BasicButtonListener.mouseReleased(BasicButtonListener.java:252)
	at java.awt.AWTEventMulticaster.mouseReleased(AWTEventMulticaster.java:289)
	at java.awt.Component.processMouseEvent(Component.java:6516)
	at javax.swing.JComponent.processMouseEvent(JComponent.java:3321)
	at java.awt.Component.processEvent(Component.java:6281)
	at java.awt.Container.processEvent(Container.java:2229)
	at java.awt.Component.dispatchEventImpl(Component.java:4872)
	at java.awt.Container.dispatchEventImpl(Container.java:2287)
	at java.awt.Component.dispatchEvent(Component.java:4698)
	at java.awt.LightweightDispatcher.retargetMouseEvent(Container.java:4832)
	at java.awt.LightweightDispatcher.processMouseEvent(Container.java:4492)
	at java.awt.LightweightDispatcher.dispatchEvent(Container.java:4422)
	at java.awt.Container.dispatchEventImpl(Container.java:2273)
	at java.awt.Window.dispatchEventImpl(Window.java:2719)
	at java.awt.Component.dispatchEvent(Component.java:4698)
	at java.awt.EventQueue.dispatchEventImpl(EventQueue.java:747)
	at java.awt.EventQueue.access$300(EventQueue.java:103)
	at java.awt.EventQueue$3.run(EventQueue.java:706)
	at java.awt.EventQueue$3.run(EventQueue.java:704)
	at java.security.AccessController.doPrivileged(Native Method)
	at java.security.ProtectionDomain$1.doIntersectionPrivilege(ProtectionDomain.java:76)
	at java.security.ProtectionDomain$1.doIntersectionPrivilege(ProtectionDomain.java:87)
	at java.awt.EventQueue$4.run(EventQueue.java:720)
	at java.awt.EventQueue$4.run(EventQueue.java:718)
	at java.security.AccessController.doPrivileged(Native Method)
	at java.security.ProtectionDomain$1.doIntersectionPrivilege(ProtectionDomain.java:76)
	at java.awt.EventQueue.dispatchEvent(EventQueue.java:717)
	at java.awt.EventDispatchThread.pumpOneEventForFilters(EventDispatchThread.java:242)
	at java.awt.EventDispatchThread.pumpEventsForFilter(EventDispatchThread.java:161)
	at java.awt.EventDispatchThread.pumpEventsForHierarchy(EventDispatchThread.java:150)
	at java.awt.EventDispatchThread.pumpEvents(EventDispatchThread.java:146)
	at java.awt.EventDispatchThread.pumpEvents(EventDispatchThread.java:138)
	at java.awt.EventDispatchThread.run(EventDispatchThread.java:91)
Caused by: java.lang.RuntimeException: Projection 'Grid' not found.
	at repast.simphony.visualization.engine.AbstractCartesianDisplayCreator.createLayout(AbstractCartesianDisplayCreator.java:57)
	at repast.simphony.visualization.engine.DisplayCreatorOGL2D.createDisplay(DisplayCreatorOGL2D.java:62)
	... 50 more
FATAL [Thread-4] 2016-10-31 16:03:19,550 repast.simphony.ui.GUIScheduleRunner - RunTimeException when running the schedule
Current tick (1.0)
java.lang.RuntimeException: java.lang.reflect.InvocationTargetException
	at repast.simphony.engine.schedule.DynamicTargetAction.execute(DynamicTargetAction.java:72)
	at repast.simphony.engine.controller.ScheduledMethodControllerAction$ScheduleMethodAllAction.execute(ScheduledMethodControllerAction.java:333)
	at repast.simphony.engine.schedule.DefaultAction.execute(DefaultAction.java:38)
	at repast.simphony.engine.schedule.ScheduleGroup.executeList(ScheduleGroup.java:205)
	at repast.simphony.engine.schedule.ScheduleGroup.execute(ScheduleGroup.java:231)
	at repast.simphony.engine.schedule.Schedule.execute(Schedule.java:352)
	at repast.simphony.ui.GUIScheduleRunner$ScheduleLoopRunnable.run(GUIScheduleRunner.java:52)
	at java.lang.Thread.run(Thread.java:745)
Caused by: java.lang.reflect.InvocationTargetException
	at Cells.Cell$$FastClassByCGLIB$$593dda1f.invoke(<generated>)
	at net.sf.cglib.reflect.FastMethod.invoke(FastMethod.java:53)
	at repast.simphony.engine.schedule.DynamicTargetAction.execute(DynamicTargetAction.java:69)
	... 7 more
Caused by: java.lang.NullPointerException
	at Cells.Cell.findEmptySites(Cell.java:67)
	at Cells.Cell.step(Cell.java:46)
	... 10 more
FATAL [Thread-6] 2016-10-31 16:13:05,622 repast.simphony.ui.GUIScheduleRunner - RunTimeException when running the schedule
Current tick (1.0)
java.lang.RuntimeException: java.lang.reflect.InvocationTargetException
	at repast.simphony.engine.schedule.DynamicTargetAction.execute(DynamicTargetAction.java:72)
	at repast.simphony.engine.controller.ScheduledMethodControllerAction$ScheduleMethodAllAction.execute(ScheduledMethodControllerAction.java:333)
	at repast.simphony.engine.schedule.DefaultAction.execute(DefaultAction.java:38)
	at repast.simphony.engine.schedule.ScheduleGroup.executeList(ScheduleGroup.java:205)
	at repast.simphony.engine.schedule.ScheduleGroup.execute(ScheduleGroup.java:231)
	at repast.simphony.engine.schedule.Schedule.execute(Schedule.java:352)
	at repast.simphony.ui.GUIScheduleRunner$ScheduleLoopRunnable.run(GUIScheduleRunner.java:52)
	at java.lang.Thread.run(Thread.java:745)
Caused by: java.lang.reflect.InvocationTargetException
	at Cells.Cell$$FastClassByCGLIB$$593dda1f.invoke(<generated>)
	at net.sf.cglib.reflect.FastMethod.invoke(FastMethod.java:53)
	at repast.simphony.engine.schedule.DynamicTargetAction.execute(DynamicTargetAction.java:69)
	... 7 more
Caused by: java.lang.NullPointerException
	at Cells.Cell.step(Cell.java:51)
	... 10 more
FATAL [Thread-7] 2016-10-31 16:13:16,800 repast.simphony.ui.GUIScheduleRunner - RunTimeException when running the schedule
Current tick (1.0)
java.lang.RuntimeException: java.lang.reflect.InvocationTargetException
	at repast.simphony.engine.schedule.DynamicTargetAction.execute(DynamicTargetAction.java:72)
	at repast.simphony.engine.controller.ScheduledMethodControllerAction$ScheduleMethodAllAction.execute(ScheduledMethodControllerAction.java:333)
	at repast.simphony.engine.schedule.DefaultAction.execute(DefaultAction.java:38)
	at repast.simphony.engine.schedule.ScheduleGroup.executeList(ScheduleGroup.java:205)
	at repast.simphony.engine.schedule.ScheduleGroup.execute(ScheduleGroup.java:231)
	at repast.simphony.engine.schedule.Schedule.execute(Schedule.java:352)
	at repast.simphony.ui.GUIScheduleRunner$ScheduleLoopRunnable.run(GUIScheduleRunner.java:52)
	at java.lang.Thread.run(Thread.java:745)
Caused by: java.lang.reflect.InvocationTargetException
	at Cells.Cell$$FastClassByCGLIB$$593dda1f.invoke(<generated>)
	at net.sf.cglib.reflect.FastMethod.invoke(FastMethod.java:53)
	at repast.simphony.engine.schedule.DynamicTargetAction.execute(DynamicTargetAction.java:69)
	... 7 more
Caused by: java.lang.NullPointerException
	at Cells.Cell.step(Cell.java:51)
	... 10 more
FATAL [Thread-6] 2016-10-31 16:18:28,281 repast.simphony.ui.GUIScheduleRunner - RunTimeException when running the schedule
Current tick (1.0)
java.lang.RuntimeException: java.lang.reflect.InvocationTargetException
	at repast.simphony.engine.schedule.DynamicTargetAction.execute(DynamicTargetAction.java:72)
	at repast.simphony.engine.controller.ScheduledMethodControllerAction$ScheduleMethodAllAction.execute(ScheduledMethodControllerAction.java:333)
	at repast.simphony.engine.schedule.DefaultAction.execute(DefaultAction.java:38)
	at repast.simphony.engine.schedule.ScheduleGroup.executeList(ScheduleGroup.java:205)
	at repast.simphony.engine.schedule.ScheduleGroup.execute(ScheduleGroup.java:231)
	at repast.simphony.engine.schedule.Schedule.execute(Schedule.java:352)
	at repast.simphony.ui.GUIScheduleRunner$ScheduleLoopRunnable.run(GUIScheduleRunner.java:52)
	at java.lang.Thread.run(Thread.java:745)
Caused by: java.lang.reflect.InvocationTargetException
	at Cells.Cell$$FastClassByCGLIB$$593dda1f.invoke(<generated>)
	at net.sf.cglib.reflect.FastMethod.invoke(FastMethod.java:53)
	at repast.simphony.engine.schedule.DynamicTargetAction.execute(DynamicTargetAction.java:69)
	... 7 more
Caused by: java.lang.NullPointerException
	at Cells.Cell.step(Cell.java:53)
	... 10 more
FATAL [Thread-6] 2016-10-31 17:08:50,617 repast.simphony.ui.GUIScheduleRunner - RunTimeException when running the schedule
Current tick (1.0)
java.lang.RuntimeException: java.lang.reflect.InvocationTargetException
	at repast.simphony.engine.schedule.DynamicTargetAction.execute(DynamicTargetAction.java:72)
	at repast.simphony.engine.controller.ScheduledMethodControllerAction$ScheduleMethodAllAction.execute(ScheduledMethodControllerAction.java:333)
	at repast.simphony.engine.schedule.DefaultAction.execute(DefaultAction.java:38)
	at repast.simphony.engine.schedule.ScheduleGroup.executeList(ScheduleGroup.java:205)
	at repast.simphony.engine.schedule.ScheduleGroup.execute(ScheduleGroup.java:231)
	at repast.simphony.engine.schedule.Schedule.execute(Schedule.java:352)
	at repast.simphony.ui.GUIScheduleRunner$ScheduleLoopRunnable.run(GUIScheduleRunner.java:52)
	at java.lang.Thread.run(Thread.java:745)
Caused by: java.lang.reflect.InvocationTargetException
	at Cells.Cell$$FastClassByCGLIB$$593dda1f.invoke(<generated>)
	at net.sf.cglib.reflect.FastMethod.invoke(FastMethod.java:53)
	at repast.simphony.engine.schedule.DynamicTargetAction.execute(DynamicTargetAction.java:69)
	... 7 more
Caused by: java.lang.NullPointerException
	at Cells.Cell.step(Cell.java:53)
	... 10 more
ERROR [AWT-EventQueue-0] 2016-10-31 17:13:23,980 repast.simphony.ui.RSApplication - Error while initializing simulation
java.lang.NullPointerException
	at Cells.CellContextBuilder.build(CellContextBuilder.java:34)
	at repast.simphony.dataLoader.engine.ClassNameContextBuilder.build(ClassNameContextBuilder.java:41)
	at repast.simphony.dataLoader.engine.DataLoaderControllerAction.runInitialize(DataLoaderControllerAction.java:48)
	at repast.simphony.engine.controller.DefaultController$2.visit(DefaultController.java:214)
	at repast.simphony.engine.controller.DefaultController$2.visit(DefaultController.java:1)
	at repast.simphony.util.collections.NaryTree.preOrderTraverals(NaryTree.java:292)
	at repast.simphony.util.collections.NaryTree.preOrderTraverals(NaryTree.java:295)
	at repast.simphony.util.collections.NaryTree.preOrderTraverals(NaryTree.java:295)
	at repast.simphony.util.collections.NaryTree.preOrderTraversal(NaryTree.java:288)
	at repast.simphony.engine.controller.DefaultController.runInitialize(DefaultController.java:212)
	at repast.simphony.engine.controller.DefaultController.runInitialize(DefaultController.java:383)
	at repast.simphony.ui.RSApplication.initSim(RSApplication.java:157)
	at repast.simphony.ui.RSApplication.start(RSApplication.java:189)
	at repast.simphony.ui.action.StartRun.actionPerformed(StartRun.java:17)
	at javax.swing.AbstractButton.fireActionPerformed(AbstractButton.java:2018)
	at javax.swing.AbstractButton$Handler.actionPerformed(AbstractButton.java:2341)
	at javax.swing.DefaultButtonModel.fireActionPerformed(DefaultButtonModel.java:402)
	at javax.swing.DefaultButtonModel.setPressed(DefaultButtonModel.java:259)
	at javax.swing.plaf.basic.BasicButtonListener.mouseReleased(BasicButtonListener.java:252)
	at java.awt.AWTEventMulticaster.mouseReleased(AWTEventMulticaster.java:289)
	at java.awt.Component.processMouseEvent(Component.java:6516)
	at javax.swing.JComponent.processMouseEvent(JComponent.java:3321)
	at java.awt.Component.processEvent(Component.java:6281)
	at java.awt.Container.processEvent(Container.java:2229)
	at java.awt.Component.dispatchEventImpl(Component.java:4872)
	at java.awt.Container.dispatchEventImpl(Container.java:2287)
	at java.awt.Component.dispatchEvent(Component.java:4698)
	at java.awt.LightweightDispatcher.retargetMouseEvent(Container.java:4832)
	at java.awt.LightweightDispatcher.processMouseEvent(Container.java:4492)
	at java.awt.LightweightDispatcher.dispatchEvent(Container.java:4422)
	at java.awt.Container.dispatchEventImpl(Container.java:2273)
	at java.awt.Window.dispatchEventImpl(Window.java:2719)
	at java.awt.Component.dispatchEvent(Component.java:4698)
	at java.awt.EventQueue.dispatchEventImpl(EventQueue.java:747)
	at java.awt.EventQueue.access$300(EventQueue.java:103)
	at java.awt.EventQueue$3.run(EventQueue.java:706)
	at java.awt.EventQueue$3.run(EventQueue.java:704)
	at java.security.AccessController.doPrivileged(Native Method)
	at java.security.ProtectionDomain$1.doIntersectionPrivilege(ProtectionDomain.java:76)
	at java.security.ProtectionDomain$1.doIntersectionPrivilege(ProtectionDomain.java:87)
	at java.awt.EventQueue$4.run(EventQueue.java:720)
	at java.awt.EventQueue$4.run(EventQueue.java:718)
	at java.security.AccessController.doPrivileged(Native Method)
	at java.security.ProtectionDomain$1.doIntersectionPrivilege(ProtectionDomain.java:76)
	at java.awt.EventQueue.dispatchEvent(EventQueue.java:717)
	at java.awt.EventDispatchThread.pumpOneEventForFilters(EventDispatchThread.java:242)
	at java.awt.EventDispatchThread.pumpEventsForFilter(EventDispatchThread.java:161)
	at java.awt.EventDispatchThread.pumpEventsForHierarchy(EventDispatchThread.java:150)
	at java.awt.EventDispatchThread.pumpEvents(EventDispatchThread.java:146)
	at java.awt.EventDispatchThread.pumpEvents(EventDispatchThread.java:138)
	at java.awt.EventDispatchThread.run(EventDispatchThread.java:91)
ERROR [AWT-EventQueue-0] 2016-10-31 17:14:31,820 repast.simphony.ui.RSApplication - Error while initializing simulation
java.lang.NullPointerException
	at Cells.CellContextBuilder.build(CellContextBuilder.java:34)
	at repast.simphony.dataLoader.engine.ClassNameContextBuilder.build(ClassNameContextBuilder.java:41)
	at repast.simphony.dataLoader.engine.DataLoaderControllerAction.runInitialize(DataLoaderControllerAction.java:48)
	at repast.simphony.engine.controller.DefaultController$2.visit(DefaultController.java:214)
	at repast.simphony.engine.controller.DefaultController$2.visit(DefaultController.java:1)
	at repast.simphony.util.collections.NaryTree.preOrderTraverals(NaryTree.java:292)
	at repast.simphony.util.collections.NaryTree.preOrderTraverals(NaryTree.java:295)
	at repast.simphony.util.collections.NaryTree.preOrderTraverals(NaryTree.java:295)
	at repast.simphony.util.collections.NaryTree.preOrderTraversal(NaryTree.java:288)
	at repast.simphony.engine.controller.DefaultController.runInitialize(DefaultController.java:212)
	at repast.simphony.engine.controller.DefaultController.runInitialize(DefaultController.java:383)
	at repast.simphony.ui.RSApplication.initSim(RSApplication.java:157)
	at repast.simphony.ui.RSApplication.start(RSApplication.java:189)
	at repast.simphony.ui.action.StartRun.actionPerformed(StartRun.java:17)
	at javax.swing.AbstractButton.fireActionPerformed(AbstractButton.java:2018)
	at javax.swing.AbstractButton$Handler.actionPerformed(AbstractButton.java:2341)
	at javax.swing.DefaultButtonModel.fireActionPerformed(DefaultButtonModel.java:402)
	at javax.swing.DefaultButtonModel.setPressed(DefaultButtonModel.java:259)
	at javax.swing.plaf.basic.BasicButtonListener.mouseReleased(BasicButtonListener.java:252)
	at java.awt.AWTEventMulticaster.mouseReleased(AWTEventMulticaster.java:289)
	at java.awt.Component.processMouseEvent(Component.java:6516)
	at javax.swing.JComponent.processMouseEvent(JComponent.java:3321)
	at java.awt.Component.processEvent(Component.java:6281)
	at java.awt.Container.processEvent(Container.java:2229)
	at java.awt.Component.dispatchEventImpl(Component.java:4872)
	at java.awt.Container.dispatchEventImpl(Container.java:2287)
	at java.awt.Component.dispatchEvent(Component.java:4698)
	at java.awt.LightweightDispatcher.retargetMouseEvent(Container.java:4832)
	at java.awt.LightweightDispatcher.processMouseEvent(Container.java:4492)
	at java.awt.LightweightDispatcher.dispatchEvent(Container.java:4422)
	at java.awt.Container.dispatchEventImpl(Container.java:2273)
	at java.awt.Window.dispatchEventImpl(Window.java:2719)
	at java.awt.Component.dispatchEvent(Component.java:4698)
	at java.awt.EventQueue.dispatchEventImpl(EventQueue.java:747)
	at java.awt.EventQueue.access$300(EventQueue.java:103)
	at java.awt.EventQueue$3.run(EventQueue.java:706)
	at java.awt.EventQueue$3.run(EventQueue.java:704)
	at java.security.AccessController.doPrivileged(Native Method)
	at java.security.ProtectionDomain$1.doIntersectionPrivilege(ProtectionDomain.java:76)
	at java.security.ProtectionDomain$1.doIntersectionPrivilege(ProtectionDomain.java:87)
	at java.awt.EventQueue$4.run(EventQueue.java:720)
	at java.awt.EventQueue$4.run(EventQueue.java:718)
	at java.security.AccessController.doPrivileged(Native Method)
	at java.security.ProtectionDomain$1.doIntersectionPrivilege(ProtectionDomain.java:76)
	at java.awt.EventQueue.dispatchEvent(EventQueue.java:717)
	at java.awt.EventDispatchThread.pumpOneEventForFilters(EventDispatchThread.java:242)
	at java.awt.EventDispatchThread.pumpEventsForFilter(EventDispatchThread.java:161)
	at java.awt.EventDispatchThread.pumpEventsForHierarchy(EventDispatchThread.java:150)
	at java.awt.EventDispatchThread.pumpEvents(EventDispatchThread.java:146)
	at java.awt.EventDispatchThread.pumpEvents(EventDispatchThread.java:138)
	at java.awt.EventDispatchThread.run(EventDispatchThread.java:91)
FATAL [Thread-6] 2016-10-31 17:45:22,973 repast.simphony.ui.GUIScheduleRunner - RunTimeException when running the schedule
Current tick (1.0)
java.lang.RuntimeException: java.lang.reflect.InvocationTargetException
	at repast.simphony.engine.schedule.DynamicTargetAction.execute(DynamicTargetAction.java:72)
	at repast.simphony.engine.controller.ScheduledMethodControllerAction$ScheduleMethodAllAction.execute(ScheduledMethodControllerAction.java:333)
	at repast.simphony.engine.schedule.DefaultAction.execute(DefaultAction.java:38)
	at repast.simphony.engine.schedule.ScheduleGroup.executeList(ScheduleGroup.java:205)
	at repast.simphony.engine.schedule.ScheduleGroup.execute(ScheduleGroup.java:231)
	at repast.simphony.engine.schedule.Schedule.execute(Schedule.java:352)
	at repast.simphony.ui.GUIScheduleRunner$ScheduleLoopRunnable.run(GUIScheduleRunner.java:52)
	at java.lang.Thread.run(Thread.java:745)
Caused by: java.lang.reflect.InvocationTargetException
	at Cells.Cell$$FastClassByCGLIB$$593dda1f.invoke(<generated>)
	at net.sf.cglib.reflect.FastMethod.invoke(FastMethod.java:53)
	at repast.simphony.engine.schedule.DynamicTargetAction.execute(DynamicTargetAction.java:69)
	... 7 more
Caused by: java.lang.NullPointerException
	at Cells.Cell.step(Cell.java:53)
	... 10 more
FATAL [Thread-6] 2016-10-31 17:46:26,355 repast.simphony.ui.GUIScheduleRunner - RunTimeException when running the schedule
Current tick (1.0)
java.lang.RuntimeException: java.lang.reflect.InvocationTargetException
	at repast.simphony.engine.schedule.DynamicTargetAction.execute(DynamicTargetAction.java:72)
	at repast.simphony.engine.controller.ScheduledMethodControllerAction$ScheduleMethodAllAction.execute(ScheduledMethodControllerAction.java:333)
	at repast.simphony.engine.schedule.DefaultAction.execute(DefaultAction.java:38)
	at repast.simphony.engine.schedule.ScheduleGroup.executeList(ScheduleGroup.java:205)
	at repast.simphony.engine.schedule.ScheduleGroup.execute(ScheduleGroup.java:231)
	at repast.simphony.engine.schedule.Schedule.execute(Schedule.java:352)
	at repast.simphony.ui.GUIScheduleRunner$ScheduleLoopRunnable.run(GUIScheduleRunner.java:52)
	at java.lang.Thread.run(Thread.java:745)
Caused by: java.lang.reflect.InvocationTargetException
	at Cells.Cell$$FastClassByCGLIB$$593dda1f.invoke(<generated>)
	at net.sf.cglib.reflect.FastMethod.invoke(FastMethod.java:53)
	at repast.simphony.engine.schedule.DynamicTargetAction.execute(DynamicTargetAction.java:69)
	... 7 more
Caused by: java.lang.NullPointerException
	at Cells.Cell.step(Cell.java:53)
	... 10 more
FATAL [Thread-6] 2016-10-31 17:46:51,698 repast.simphony.ui.GUIScheduleRunner - RunTimeException when running the schedule
Current tick (1.0)
java.lang.RuntimeException: java.lang.reflect.InvocationTargetException
	at repast.simphony.engine.schedule.DynamicTargetAction.execute(DynamicTargetAction.java:72)
	at repast.simphony.engine.controller.ScheduledMethodControllerAction$ScheduleMethodAllAction.execute(ScheduledMethodControllerAction.java:333)
	at repast.simphony.engine.schedule.DefaultAction.execute(DefaultAction.java:38)
	at repast.simphony.engine.schedule.ScheduleGroup.executeList(ScheduleGroup.java:205)
	at repast.simphony.engine.schedule.ScheduleGroup.execute(ScheduleGroup.java:231)
	at repast.simphony.engine.schedule.Schedule.execute(Schedule.java:352)
	at repast.simphony.ui.GUIScheduleRunner$ScheduleLoopRunnable.run(GUIScheduleRunner.java:52)
	at java.lang.Thread.run(Thread.java:745)
Caused by: java.lang.reflect.InvocationTargetException
	at Cells.Cell$$FastClassByCGLIB$$593dda1f.invoke(<generated>)
	at net.sf.cglib.reflect.FastMethod.invoke(FastMethod.java:53)
	at repast.simphony.engine.schedule.DynamicTargetAction.execute(DynamicTargetAction.java:69)
	... 7 more
Caused by: java.lang.NullPointerException
	at Cells.Cell.step(Cell.java:53)
	... 10 more
