2016-10-31 17:09:18,330 - Loaded System Directive: org.apache.velocity.runtime.directive.Literal
2016-10-31 17:09:18,335 - Loaded System Directive: org.apache.velocity.runtime.directive.Macro
2016-10-31 17:09:18,341 - Loaded System Directive: org.apache.velocity.runtime.directive.Parse
2016-10-31 17:09:18,343 - Loaded System Directive: org.apache.velocity.runtime.directive.Include
2016-10-31 17:09:18,344 - Loaded System Directive: org.apache.velocity.runtime.directive.Foreach
2016-10-31 17:09:18,368 - Created: 20 parsers.
2016-10-31 17:09:18,374 - Velocimacro : initialization starting.
2016-10-31 17:09:18,374 - Velocimacro : adding VMs from VM library template : VM_global_library.vm
2016-10-31 17:09:18,381 - ResourceManager : unable to find resource 'VM_global_library.vm' in any resource loader.
2016-10-31 17:09:18,381 - Velocimacro : error using  VM library template VM_global_library.vm : org.apache.velocity.exception.ResourceNotFoundException: Unable to find resource 'VM_global_library.vm'
2016-10-31 17:09:18,381 - Velocimacro :  VM library template macro registration complete.
2016-10-31 17:09:18,381 - Velocimacro : allowInline = true : VMs can be defined inline in templates
2016-10-31 17:09:18,381 - Velocimacro : allowInlineToOverride = false : VMs defined inline may NOT replace previous VM definitions
2016-10-31 17:09:18,381 - Velocimacro : allowInlineLocal = false : VMs defined inline will be  global in scope if allowed.
2016-10-31 17:09:18,381 - Velocimacro : messages on  : VM system will output logging messages
2016-10-31 17:09:18,381 - Velocimacro : autoload off  : VM system will not automatically reload global library macros
2016-10-31 17:09:18,381 - Velocimacro : initialization complete.
2016-10-31 17:09:18,381 - Velocity successfully started.
2016-10-31 17:13:18,912 - SimpleLog4JLogSystem initialized using logfile 'velocity.log'
2016-10-31 17:13:18,912 - ************************************************************** 
2016-10-31 17:13:18,912 - Starting Jakarta Velocity v1.4
2016-10-31 17:13:18,912 - RuntimeInstance initializing.
2016-10-31 17:13:18,912 - Default Properties File: org/apache/velocity/runtime/defaults/velocity.properties
2016-10-31 17:13:18,912 - Trying to use logger class org.apache.velocity.runtime.log.SimpleLog4JLogSystem
2016-10-31 17:13:18,912 - Using logger class org.apache.velocity.runtime.log.SimpleLog4JLogSystem
2016-10-31 17:13:18,920 - Default ResourceManager initializing. (class org.apache.velocity.runtime.resource.ResourceManagerImpl)
2016-10-31 17:13:18,927 - Resource Loader Instantiated: org.apache.velocity.runtime.resource.loader.ClasspathResourceLoader
2016-10-31 17:13:18,927 - ClasspathResourceLoader : initialization starting.
2016-10-31 17:13:18,927 - ClasspathResourceLoader : initialization complete.
2016-10-31 17:13:18,931 - ResourceCache : initialized. (class org.apache.velocity.runtime.resource.ResourceCacheImpl)
2016-10-31 17:13:18,931 - Default ResourceManager initialization complete.
2016-10-31 17:13:18,936 - Loaded System Directive: org.apache.velocity.runtime.directive.Literal
2016-10-31 17:13:18,940 - Loaded System Directive: org.apache.velocity.runtime.directive.Macro
2016-10-31 17:13:18,945 - Loaded System Directive: org.apache.velocity.runtime.directive.Parse
2016-10-31 17:13:18,947 - Loaded System Directive: org.apache.velocity.runtime.directive.Include
2016-10-31 17:13:18,948 - Loaded System Directive: org.apache.velocity.runtime.directive.Foreach
2016-10-31 17:13:18,987 - Created: 20 parsers.
2016-10-31 17:13:18,994 - Velocimacro : initialization starting.
2016-10-31 17:13:18,994 - Velocimacro : adding VMs from VM library template : VM_global_library.vm
2016-10-31 17:13:18,998 - ResourceManager : unable to find resource 'VM_global_library.vm' in any resource loader.
2016-10-31 17:13:18,998 - Velocimacro : error using  VM library template VM_global_library.vm : org.apache.velocity.exception.ResourceNotFoundException: Unable to find resource 'VM_global_library.vm'
2016-10-31 17:13:18,998 - Velocimacro :  VM library template macro registration complete.
2016-10-31 17:13:18,998 - Velocimacro : allowInline = true : VMs can be defined inline in templates
2016-10-31 17:13:18,998 - Velocimacro : allowInlineToOverride = false : VMs defined inline may NOT replace previous VM definitions
2016-10-31 17:13:18,999 - Velocimacro : allowInlineLocal = false : VMs defined inline will be  global in scope if allowed.
2016-10-31 17:13:18,999 - Velocimacro : messages on  : VM system will output logging messages
2016-10-31 17:13:18,999 - Velocimacro : autoload off  : VM system will not automatically reload global library macros
2016-10-31 17:13:18,999 - Velocimacro : initialization complete.
2016-10-31 17:13:18,999 - Velocity successfully started.
2016-10-31 17:13:41,905 - SimpleLog4JLogSystem initialized using logfile 'velocity.log'
2016-10-31 17:13:41,905 - ************************************************************** 
2016-10-31 17:13:41,905 - Starting Jakarta Velocity v1.4
2016-10-31 17:13:41,905 - RuntimeInstance initializing.
2016-10-31 17:13:41,905 - Default Properties File: org/apache/velocity/runtime/defaults/velocity.properties
2016-10-31 17:13:41,905 - Trying to use logger class org.apache.velocity.runtime.log.SimpleLog4JLogSystem
2016-10-31 17:13:41,905 - Using logger class org.apache.velocity.runtime.log.SimpleLog4JLogSystem
2016-10-31 17:13:41,914 - Default ResourceManager initializing. (class org.apache.velocity.runtime.resource.ResourceManagerImpl)
2016-10-31 17:13:41,922 - Resource Loader Instantiated: org.apache.velocity.runtime.resource.loader.ClasspathResourceLoader
2016-10-31 17:13:41,922 - ClasspathResourceLoader : initialization starting.
2016-10-31 17:13:41,922 - ClasspathResourceLoader : initialization complete.
2016-10-31 17:13:41,926 - ResourceCache : initialized. (class org.apache.velocity.runtime.resource.ResourceCacheImpl)
2016-10-31 17:13:41,926 - Default ResourceManager initialization complete.
2016-10-31 17:13:41,937 - Loaded System Directive: org.apache.velocity.runtime.directive.Literal
2016-10-31 17:13:41,941 - Loaded System Directive: org.apache.velocity.runtime.directive.Macro
2016-10-31 17:13:41,947 - Loaded System Directive: org.apache.velocity.runtime.directive.Parse
2016-10-31 17:13:41,949 - Loaded System Directive: org.apache.velocity.runtime.directive.Include
2016-10-31 17:13:41,950 - Loaded System Directive: org.apache.velocity.runtime.directive.Foreach
2016-10-31 17:13:41,974 - Created: 20 parsers.
2016-10-31 17:13:41,982 - Velocimacro : initialization starting.
2016-10-31 17:13:41,982 - Velocimacro : adding VMs from VM library template : VM_global_library.vm
2016-10-31 17:13:41,986 - ResourceManager : unable to find resource 'VM_global_library.vm' in any resource loader.
2016-10-31 17:13:41,986 - Velocimacro : error using  VM library template VM_global_library.vm : org.apache.velocity.exception.ResourceNotFoundException: Unable to find resource 'VM_global_library.vm'
2016-10-31 17:13:41,986 - Velocimacro :  VM library template macro registration complete.
2016-10-31 17:13:41,986 - Velocimacro : allowInline = true : VMs can be defined inline in templates
2016-10-31 17:13:41,986 - Velocimacro : allowInlineToOverride = false : VMs defined inline may NOT replace previous VM definitions
2016-10-31 17:13:41,986 - Velocimacro : allowInlineLocal = false : VMs defined inline will be  global in scope if allowed.
2016-10-31 17:13:41,986 - Velocimacro : messages on  : VM system will output logging messages
2016-10-31 17:13:41,986 - Velocimacro : autoload off  : VM system will not automatically reload global library macros
2016-10-31 17:13:41,986 - Velocimacro : initialization complete.
2016-10-31 17:13:41,986 - Velocity successfully started.
2016-10-31 17:14:24,234 - SimpleLog4JLogSystem initialized using logfile 'velocity.log'
2016-10-31 17:14:24,235 - ************************************************************** 
2016-10-31 17:14:24,235 - Starting Jakarta Velocity v1.4
2016-10-31 17:14:24,235 - RuntimeInstance initializing.
2016-10-31 17:14:24,235 - Default Properties File: org/apache/velocity/runtime/defaults/velocity.properties
2016-10-31 17:14:24,235 - Trying to use logger class org.apache.velocity.runtime.log.SimpleLog4JLogSystem
2016-10-31 17:14:24,235 - Using logger class org.apache.velocity.runtime.log.SimpleLog4JLogSystem
2016-10-31 17:14:24,243 - Default ResourceManager initializing. (class org.apache.velocity.runtime.resource.ResourceManagerImpl)
2016-10-31 17:14:24,249 - Resource Loader Instantiated: org.apache.velocity.runtime.resource.loader.ClasspathResourceLoader
2016-10-31 17:14:24,250 - ClasspathResourceLoader : initialization starting.
2016-10-31 17:14:24,250 - ClasspathResourceLoader : initialization complete.
2016-10-31 17:14:24,254 - ResourceCache : initialized. (class org.apache.velocity.runtime.resource.ResourceCacheImpl)
2016-10-31 17:14:24,254 - Default ResourceManager initialization complete.
2016-10-31 17:14:24,258 - Loaded System Directive: org.apache.velocity.runtime.directive.Literal
2016-10-31 17:14:24,262 - Loaded System Directive: org.apache.velocity.runtime.directive.Macro
2016-10-31 17:14:24,269 - Loaded System Directive: org.apache.velocity.runtime.directive.Parse
2016-10-31 17:14:24,283 - Loaded System Directive: org.apache.velocity.runtime.directive.Include
2016-10-31 17:14:24,285 - Loaded System Directive: org.apache.velocity.runtime.directive.Foreach
2016-10-31 17:14:24,308 - Created: 20 parsers.
2016-10-31 17:14:24,315 - Velocimacro : initialization starting.
2016-10-31 17:14:24,315 - Velocimacro : adding VMs from VM library template : VM_global_library.vm
2016-10-31 17:14:24,319 - ResourceManager : unable to find resource 'VM_global_library.vm' in any resource loader.
2016-10-31 17:14:24,319 - Velocimacro : error using  VM library template VM_global_library.vm : org.apache.velocity.exception.ResourceNotFoundException: Unable to find resource 'VM_global_library.vm'
2016-10-31 17:14:24,319 - Velocimacro :  VM library template macro registration complete.
2016-10-31 17:14:24,319 - Velocimacro : allowInline = true : VMs can be defined inline in templates
2016-10-31 17:14:24,319 - Velocimacro : allowInlineToOverride = false : VMs defined inline may NOT replace previous VM definitions
2016-10-31 17:14:24,320 - Velocimacro : allowInlineLocal = false : VMs defined inline will be  global in scope if allowed.
2016-10-31 17:14:24,320 - Velocimacro : messages on  : VM system will output logging messages
2016-10-31 17:14:24,320 - Velocimacro : autoload off  : VM system will not automatically reload global library macros
2016-10-31 17:14:24,320 - Velocimacro : initialization complete.
2016-10-31 17:14:24,320 - Velocity successfully started.
2016-10-31 17:16:02,692 - SimpleLog4JLogSystem initialized using logfile 'velocity.log'
2016-10-31 17:16:02,693 - ************************************************************** 
2016-10-31 17:16:02,693 - Starting Jakarta Velocity v1.4
2016-10-31 17:16:02,693 - RuntimeInstance initializing.
2016-10-31 17:16:02,693 - Default Properties File: org/apache/velocity/runtime/defaults/velocity.properties
2016-10-31 17:16:02,693 - Trying to use logger class org.apache.velocity.runtime.log.SimpleLog4JLogSystem
2016-10-31 17:16:02,693 - Using logger class org.apache.velocity.runtime.log.SimpleLog4JLogSystem
2016-10-31 17:16:02,699 - Default ResourceManager initializing. (class org.apache.velocity.runtime.resource.ResourceManagerImpl)
2016-10-31 17:16:02,710 - Resource Loader Instantiated: org.apache.velocity.runtime.resource.loader.ClasspathResourceLoader
2016-10-31 17:16:02,710 - ClasspathResourceLoader : initialization starting.
2016-10-31 17:16:02,710 - ClasspathResourceLoader : initialization complete.
2016-10-31 17:16:02,715 - ResourceCache : initialized. (class org.apache.velocity.runtime.resource.ResourceCacheImpl)
2016-10-31 17:16:02,715 - Default ResourceManager initialization complete.
2016-10-31 17:16:02,722 - Loaded System Directive: org.apache.velocity.runtime.directive.Literal
2016-10-31 17:16:02,728 - Loaded System Directive: org.apache.velocity.runtime.directive.Macro
2016-10-31 17:16:02,737 - Loaded System Directive: org.apache.velocity.runtime.directive.Parse
2016-10-31 17:16:02,742 - Loaded System Directive: org.apache.velocity.runtime.directive.Include
2016-10-31 17:16:02,756 - Loaded System Directive: org.apache.velocity.runtime.directive.Foreach
2016-10-31 17:16:02,784 - Created: 20 parsers.
2016-10-31 17:16:02,792 - Velocimacro : initialization starting.
2016-10-31 17:16:02,792 - Velocimacro : adding VMs from VM library template : VM_global_library.vm
2016-10-31 17:16:02,796 - ResourceManager : unable to find resource 'VM_global_library.vm' in any resource loader.
2016-10-31 17:16:02,796 - Velocimacro : error using  VM library template VM_global_library.vm : org.apache.velocity.exception.ResourceNotFoundException: Unable to find resource 'VM_global_library.vm'
2016-10-31 17:16:02,796 - Velocimacro :  VM library template macro registration complete.
2016-10-31 17:16:02,796 - Velocimacro : allowInline = true : VMs can be defined inline in templates
2016-10-31 17:16:02,796 - Velocimacro : allowInlineToOverride = false : VMs defined inline may NOT replace previous VM definitions
2016-10-31 17:16:02,796 - Velocimacro : allowInlineLocal = false : VMs defined inline will be  global in scope if allowed.
2016-10-31 17:16:02,796 - Velocimacro : messages on  : VM system will output logging messages
2016-10-31 17:16:02,796 - Velocimacro : autoload off  : VM system will not automatically reload global library macros
2016-10-31 17:16:02,796 - Velocimacro : initialization complete.
2016-10-31 17:16:02,796 - Velocity successfully started.
2016-10-31 17:26:45,100 - SimpleLog4JLogSystem initialized using logfile 'velocity.log'
2016-10-31 17:26:45,100 - ************************************************************** 
2016-10-31 17:26:45,101 - Starting Jakarta Velocity v1.4
2016-10-31 17:26:45,101 - RuntimeInstance initializing.
2016-10-31 17:26:45,101 - Default Properties File: org/apache/velocity/runtime/defaults/velocity.properties
2016-10-31 17:26:45,101 - Trying to use logger class org.apache.velocity.runtime.log.SimpleLog4JLogSystem
2016-10-31 17:26:45,101 - Using logger class org.apache.velocity.runtime.log.SimpleLog4JLogSystem
2016-10-31 17:26:45,110 - Default ResourceManager initializing. (class org.apache.velocity.runtime.resource.ResourceManagerImpl)
2016-10-31 17:26:45,118 - Resource Loader Instantiated: org.apache.velocity.runtime.resource.loader.ClasspathResourceLoader
2016-10-31 17:26:45,118 - ClasspathResourceLoader : initialization starting.
2016-10-31 17:26:45,118 - ClasspathResourceLoader : initialization complete.
2016-10-31 17:26:45,122 - ResourceCache : initialized. (class org.apache.velocity.runtime.resource.ResourceCacheImpl)
2016-10-31 17:26:45,122 - Default ResourceManager initialization complete.
2016-10-31 17:26:45,125 - Loaded System Directive: org.apache.velocity.runtime.directive.Literal
2016-10-31 17:26:45,128 - Loaded System Directive: org.apache.velocity.runtime.directive.Macro
2016-10-31 17:26:45,133 - Loaded System Directive: org.apache.velocity.runtime.directive.Parse
2016-10-31 17:26:45,137 - Loaded System Directive: org.apache.velocity.runtime.directive.Include
2016-10-31 17:26:45,139 - Loaded System Directive: org.apache.velocity.runtime.directive.Foreach
2016-10-31 17:26:45,172 - Created: 20 parsers.
2016-10-31 17:26:45,180 - Velocimacro : initialization starting.
2016-10-31 17:26:45,180 - Velocimacro : adding VMs from VM library template : VM_global_library.vm
2016-10-31 17:26:45,183 - ResourceManager : unable to find resource 'VM_global_library.vm' in any resource loader.
2016-10-31 17:26:45,183 - Velocimacro : error using  VM library template VM_global_library.vm : org.apache.velocity.exception.ResourceNotFoundException: Unable to find resource 'VM_global_library.vm'
2016-10-31 17:26:45,183 - Velocimacro :  VM library template macro registration complete.
2016-10-31 17:26:45,183 - Velocimacro : allowInline = true : VMs can be defined inline in templates
2016-10-31 17:26:45,183 - Velocimacro : allowInlineToOverride = false : VMs defined inline may NOT replace previous VM definitions
2016-10-31 17:26:45,183 - Velocimacro : allowInlineLocal = false : VMs defined inline will be  global in scope if allowed.
2016-10-31 17:26:45,184 - Velocimacro : messages on  : VM system will output logging messages
2016-10-31 17:26:45,184 - Velocimacro : autoload off  : VM system will not automatically reload global library macros
2016-10-31 17:26:45,184 - Velocimacro : initialization complete.
2016-10-31 17:26:45,184 - Velocity successfully started.
2016-10-31 17:29:58,298 - SimpleLog4JLogSystem initialized using logfile 'velocity.log'
2016-10-31 17:29:58,298 - ************************************************************** 
2016-10-31 17:29:58,298 - Starting Jakarta Velocity v1.4
2016-10-31 17:29:58,299 - RuntimeInstance initializing.
2016-10-31 17:29:58,299 - Default Properties File: org/apache/velocity/runtime/defaults/velocity.properties
2016-10-31 17:29:58,299 - Trying to use logger class org.apache.velocity.runtime.log.SimpleLog4JLogSystem
2016-10-31 17:29:58,299 - Using logger class org.apache.velocity.runtime.log.SimpleLog4JLogSystem
2016-10-31 17:29:58,306 - Default ResourceManager initializing. (class org.apache.velocity.runtime.resource.ResourceManagerImpl)
2016-10-31 17:29:58,316 - Resource Loader Instantiated: org.apache.velocity.runtime.resource.loader.ClasspathResourceLoader
2016-10-31 17:29:58,316 - ClasspathResourceLoader : initialization starting.
2016-10-31 17:29:58,316 - ClasspathResourceLoader : initialization complete.
2016-10-31 17:29:58,320 - ResourceCache : initialized. (class org.apache.velocity.runtime.resource.ResourceCacheImpl)
2016-10-31 17:29:58,321 - Default ResourceManager initialization complete.
2016-10-31 17:29:58,326 - Loaded System Directive: org.apache.velocity.runtime.directive.Literal
2016-10-31 17:29:58,330 - Loaded System Directive: org.apache.velocity.runtime.directive.Macro
2016-10-31 17:29:58,337 - Loaded System Directive: org.apache.velocity.runtime.directive.Parse
2016-10-31 17:29:58,342 - Loaded System Directive: org.apache.velocity.runtime.directive.Include
2016-10-31 17:29:58,344 - Loaded System Directive: org.apache.velocity.runtime.directive.Foreach
2016-10-31 17:29:58,378 - Created: 20 parsers.
2016-10-31 17:29:58,385 - Velocimacro : initialization starting.
2016-10-31 17:29:58,385 - Velocimacro : adding VMs from VM library template : VM_global_library.vm
2016-10-31 17:29:58,389 - ResourceManager : unable to find resource 'VM_global_library.vm' in any resource loader.
2016-10-31 17:29:58,389 - Velocimacro : error using  VM library template VM_global_library.vm : org.apache.velocity.exception.ResourceNotFoundException: Unable to find resource 'VM_global_library.vm'
2016-10-31 17:29:58,389 - Velocimacro :  VM library template macro registration complete.
2016-10-31 17:29:58,389 - Velocimacro : allowInline = true : VMs can be defined inline in templates
2016-10-31 17:29:58,389 - Velocimacro : allowInlineToOverride = false : VMs defined inline may NOT replace previous VM definitions
2016-10-31 17:29:58,389 - Velocimacro : allowInlineLocal = false : VMs defined inline will be  global in scope if allowed.
2016-10-31 17:29:58,389 - Velocimacro : messages on  : VM system will output logging messages
2016-10-31 17:29:58,389 - Velocimacro : autoload off  : VM system will not automatically reload global library macros
2016-10-31 17:29:58,389 - Velocimacro : initialization complete.
2016-10-31 17:29:58,389 - Velocity successfully started.
2016-10-31 17:34:32,921 - SimpleLog4JLogSystem initialized using logfile 'velocity.log'
2016-10-31 17:34:32,923 - ************************************************************** 
2016-10-31 17:34:32,923 - Starting Jakarta Velocity v1.4
2016-10-31 17:34:32,923 - RuntimeInstance initializing.
2016-10-31 17:34:32,923 - Default Properties File: org/apache/velocity/runtime/defaults/velocity.properties
2016-10-31 17:34:32,923 - Trying to use logger class org.apache.velocity.runtime.log.SimpleLog4JLogSystem
2016-10-31 17:34:32,923 - Using logger class org.apache.velocity.runtime.log.SimpleLog4JLogSystem
2016-10-31 17:34:32,936 - Default ResourceManager initializing. (class org.apache.velocity.runtime.resource.ResourceManagerImpl)
2016-10-31 17:34:32,942 - Resource Loader Instantiated: org.apache.velocity.runtime.resource.loader.ClasspathResourceLoader
2016-10-31 17:34:32,942 - ClasspathResourceLoader : initialization starting.
2016-10-31 17:34:32,942 - ClasspathResourceLoader : initialization complete.
2016-10-31 17:34:32,946 - ResourceCache : initialized. (class org.apache.velocity.runtime.resource.ResourceCacheImpl)
2016-10-31 17:34:32,946 - Default ResourceManager initialization complete.
2016-10-31 17:34:32,950 - Loaded System Directive: org.apache.velocity.runtime.directive.Literal
2016-10-31 17:34:32,954 - Loaded System Directive: org.apache.velocity.runtime.directive.Macro
2016-10-31 17:34:32,960 - Loaded System Directive: org.apache.velocity.runtime.directive.Parse
2016-10-31 17:34:32,976 - Loaded System Directive: org.apache.velocity.runtime.directive.Include
2016-10-31 17:34:32,979 - Loaded System Directive: org.apache.velocity.runtime.directive.Foreach
2016-10-31 17:34:33,003 - Created: 20 parsers.
2016-10-31 17:34:33,010 - Velocimacro : initialization starting.
2016-10-31 17:34:33,010 - Velocimacro : adding VMs from VM library template : VM_global_library.vm
2016-10-31 17:34:33,013 - ResourceManager : unable to find resource 'VM_global_library.vm' in any resource loader.
2016-10-31 17:34:33,013 - Velocimacro : error using  VM library template VM_global_library.vm : org.apache.velocity.exception.ResourceNotFoundException: Unable to find resource 'VM_global_library.vm'
2016-10-31 17:34:33,013 - Velocimacro :  VM library template macro registration complete.
2016-10-31 17:34:33,013 - Velocimacro : allowInline = true : VMs can be defined inline in templates
2016-10-31 17:34:33,013 - Velocimacro : allowInlineToOverride = false : VMs defined inline may NOT replace previous VM definitions
2016-10-31 17:34:33,013 - Velocimacro : allowInlineLocal = false : VMs defined inline will be  global in scope if allowed.
2016-10-31 17:34:33,013 - Velocimacro : messages on  : VM system will output logging messages
2016-10-31 17:34:33,013 - Velocimacro : autoload off  : VM system will not automatically reload global library macros
2016-10-31 17:34:33,013 - Velocimacro : initialization complete.
2016-10-31 17:34:33,013 - Velocity successfully started.
2016-10-31 17:45:16,192 - SimpleLog4JLogSystem initialized using logfile 'velocity.log'
2016-10-31 17:45:16,192 - ************************************************************** 
2016-10-31 17:45:16,192 - Starting Jakarta Velocity v1.4
2016-10-31 17:45:16,192 - RuntimeInstance initializing.
2016-10-31 17:45:16,192 - Default Properties File: org/apache/velocity/runtime/defaults/velocity.properties
2016-10-31 17:45:16,192 - Trying to use logger class org.apache.velocity.runtime.log.SimpleLog4JLogSystem
2016-10-31 17:45:16,193 - Using logger class org.apache.velocity.runtime.log.SimpleLog4JLogSystem
2016-10-31 17:45:16,200 - Default ResourceManager initializing. (class org.apache.velocity.runtime.resource.ResourceManagerImpl)
2016-10-31 17:45:16,207 - Resource Loader Instantiated: org.apache.velocity.runtime.resource.loader.ClasspathResourceLoader
2016-10-31 17:45:16,208 - ClasspathResourceLoader : initialization starting.
2016-10-31 17:45:16,208 - ClasspathResourceLoader : initialization complete.
2016-10-31 17:45:16,211 - ResourceCache : initialized. (class org.apache.velocity.runtime.resource.ResourceCacheImpl)
2016-10-31 17:45:16,211 - Default ResourceManager initialization complete.
2016-10-31 17:45:16,216 - Loaded System Directive: org.apache.velocity.runtime.directive.Literal
2016-10-31 17:45:16,220 - Loaded System Directive: org.apache.velocity.runtime.directive.Macro
2016-10-31 17:45:16,226 - Loaded System Directive: org.apache.velocity.runtime.directive.Parse
2016-10-31 17:45:16,230 - Loaded System Directive: org.apache.velocity.runtime.directive.Include
2016-10-31 17:45:16,231 - Loaded System Directive: org.apache.velocity.runtime.directive.Foreach
2016-10-31 17:45:16,266 - Created: 20 parsers.
2016-10-31 17:45:16,273 - Velocimacro : initialization starting.
2016-10-31 17:45:16,273 - Velocimacro : adding VMs from VM library template : VM_global_library.vm
2016-10-31 17:45:16,278 - ResourceManager : unable to find resource 'VM_global_library.vm' in any resource loader.
2016-10-31 17:45:16,279 - Velocimacro : error using  VM library template VM_global_library.vm : org.apache.velocity.exception.ResourceNotFoundException: Unable to find resource 'VM_global_library.vm'
2016-10-31 17:45:16,279 - Velocimacro :  VM library template macro registration complete.
2016-10-31 17:45:16,279 - Velocimacro : allowInline = true : VMs can be defined inline in templates
2016-10-31 17:45:16,279 - Velocimacro : allowInlineToOverride = false : VMs defined inline may NOT replace previous VM definitions
2016-10-31 17:45:16,279 - Velocimacro : allowInlineLocal = false : VMs defined inline will be  global in scope if allowed.
2016-10-31 17:45:16,279 - Velocimacro : messages on  : VM system will output logging messages
2016-10-31 17:45:16,279 - Velocimacro : autoload off  : VM system will not automatically reload global library macros
2016-10-31 17:45:16,279 - Velocimacro : initialization complete.
2016-10-31 17:45:16,279 - Velocity successfully started.
2016-10-31 17:46:18,619 - SimpleLog4JLogSystem initialized using logfile 'velocity.log'
2016-10-31 17:46:18,620 - ************************************************************** 
2016-10-31 17:46:18,620 - Starting Jakarta Velocity v1.4
2016-10-31 17:46:18,620 - RuntimeInstance initializing.
2016-10-31 17:46:18,620 - Default Properties File: org/apache/velocity/runtime/defaults/velocity.properties
2016-10-31 17:46:18,620 - Trying to use logger class org.apache.velocity.runtime.log.SimpleLog4JLogSystem
2016-10-31 17:46:18,620 - Using logger class org.apache.velocity.runtime.log.SimpleLog4JLogSystem
2016-10-31 17:46:18,627 - Default ResourceManager initializing. (class org.apache.velocity.runtime.resource.ResourceManagerImpl)
2016-10-31 17:46:18,633 - Resource Loader Instantiated: org.apache.velocity.runtime.resource.loader.ClasspathResourceLoader
2016-10-31 17:46:18,633 - ClasspathResourceLoader : initialization starting.
2016-10-31 17:46:18,633 - ClasspathResourceLoader : initialization complete.
2016-10-31 17:46:18,637 - ResourceCache : initialized. (class org.apache.velocity.runtime.resource.ResourceCacheImpl)
2016-10-31 17:46:18,637 - Default ResourceManager initialization complete.
2016-10-31 17:46:18,642 - Loaded System Directive: org.apache.velocity.runtime.directive.Literal
2016-10-31 17:46:18,646 - Loaded System Directive: org.apache.velocity.runtime.directive.Macro
2016-10-31 17:46:18,652 - Loaded System Directive: org.apache.velocity.runtime.directive.Parse
2016-10-31 17:46:18,654 - Loaded System Directive: org.apache.velocity.runtime.directive.Include
2016-10-31 17:46:18,667 - Loaded System Directive: org.apache.velocity.runtime.directive.Foreach
2016-10-31 17:46:18,697 - Created: 20 parsers.
2016-10-31 17:46:18,708 - Velocimacro : initialization starting.
2016-10-31 17:46:18,708 - Velocimacro : adding VMs from VM library template : VM_global_library.vm
2016-10-31 17:46:18,713 - ResourceManager : unable to find resource 'VM_global_library.vm' in any resource loader.
2016-10-31 17:46:18,713 - Velocimacro : error using  VM library template VM_global_library.vm : org.apache.velocity.exception.ResourceNotFoundException: Unable to find resource 'VM_global_library.vm'
2016-10-31 17:46:18,713 - Velocimacro :  VM library template macro registration complete.
2016-10-31 17:46:18,713 - Velocimacro : allowInline = true : VMs can be defined inline in templates
2016-10-31 17:46:18,713 - Velocimacro : allowInlineToOverride = false : VMs defined inline may NOT replace previous VM definitions
2016-10-31 17:46:18,713 - Velocimacro : allowInlineLocal = false : VMs defined inline will be  global in scope if allowed.
2016-10-31 17:46:18,713 - Velocimacro : messages on  : VM system will output logging messages
2016-10-31 17:46:18,713 - Velocimacro : autoload off  : VM system will not automatically reload global library macros
2016-10-31 17:46:18,713 - Velocimacro : initialization complete.
2016-10-31 17:46:18,713 - Velocity successfully started.
2016-10-31 17:46:44,609 - SimpleLog4JLogSystem initialized using logfile 'velocity.log'
2016-10-31 17:46:44,610 - ************************************************************** 
2016-10-31 17:46:44,610 - Starting Jakarta Velocity v1.4
2016-10-31 17:46:44,610 - RuntimeInstance initializing.
2016-10-31 17:46:44,610 - Default Properties File: org/apache/velocity/runtime/defaults/velocity.properties
2016-10-31 17:46:44,610 - Trying to use logger class org.apache.velocity.runtime.log.SimpleLog4JLogSystem
2016-10-31 17:46:44,610 - Using logger class org.apache.velocity.runtime.log.SimpleLog4JLogSystem
2016-10-31 17:46:44,616 - Default ResourceManager initializing. (class org.apache.velocity.runtime.resource.ResourceManagerImpl)
2016-10-31 17:46:44,624 - Resource Loader Instantiated: org.apache.velocity.runtime.resource.loader.ClasspathResourceLoader
2016-10-31 17:46:44,624 - ClasspathResourceLoader : initialization starting.
2016-10-31 17:46:44,624 - ClasspathResourceLoader : initialization complete.
2016-10-31 17:46:44,628 - ResourceCache : initialized. (class org.apache.velocity.runtime.resource.ResourceCacheImpl)
2016-10-31 17:46:44,628 - Default ResourceManager initialization complete.
2016-10-31 17:46:44,633 - Loaded System Directive: org.apache.velocity.runtime.directive.Literal
2016-10-31 17:46:44,637 - Loaded System Directive: org.apache.velocity.runtime.directive.Macro
2016-10-31 17:46:44,643 - Loaded System Directive: org.apache.velocity.runtime.directive.Parse
2016-10-31 17:46:44,648 - Loaded System Directive: org.apache.velocity.runtime.directive.Include
2016-10-31 17:46:44,649 - Loaded System Directive: org.apache.velocity.runtime.directive.Foreach
2016-10-31 17:46:44,686 - Created: 20 parsers.
2016-10-31 17:46:44,693 - Velocimacro : initialization starting.
2016-10-31 17:46:44,693 - Velocimacro : adding VMs from VM library template : VM_global_library.vm
2016-10-31 17:46:44,697 - ResourceManager : unable to find resource 'VM_global_library.vm' in any resource loader.
2016-10-31 17:46:44,697 - Velocimacro : error using  VM library template VM_global_library.vm : org.apache.velocity.exception.ResourceNotFoundException: Unable to find resource 'VM_global_library.vm'
2016-10-31 17:46:44,697 - Velocimacro :  VM library template macro registration complete.
2016-10-31 17:46:44,697 - Velocimacro : allowInline = true : VMs can be defined inline in templates
2016-10-31 17:46:44,697 - Velocimacro : allowInlineToOverride = false : VMs defined inline may NOT replace previous VM definitions
2016-10-31 17:46:44,697 - Velocimacro : allowInlineLocal = false : VMs defined inline will be  global in scope if allowed.
2016-10-31 17:46:44,697 - Velocimacro : messages on  : VM system will output logging messages
2016-10-31 17:46:44,697 - Velocimacro : autoload off  : VM system will not automatically reload global library macros
2016-10-31 17:46:44,698 - Velocimacro : initialization complete.
2016-10-31 17:46:44,698 - Velocity successfully started.
2016-10-31 17:47:11,535 - SimpleLog4JLogSystem initialized using logfile 'velocity.log'
2016-10-31 17:47:11,535 - ************************************************************** 
2016-10-31 17:47:11,535 - Starting Jakarta Velocity v1.4
2016-10-31 17:47:11,535 - RuntimeInstance initializing.
2016-10-31 17:47:11,535 - Default Properties File: org/apache/velocity/runtime/defaults/velocity.properties
2016-10-31 17:47:11,535 - Trying to use logger class org.apache.velocity.runtime.log.SimpleLog4JLogSystem
2016-10-31 17:47:11,535 - Using logger class org.apache.velocity.runtime.log.SimpleLog4JLogSystem
2016-10-31 17:47:11,541 - Default ResourceManager initializing. (class org.apache.velocity.runtime.resource.ResourceManagerImpl)
2016-10-31 17:47:11,547 - Resource Loader Instantiated: org.apache.velocity.runtime.resource.loader.ClasspathResourceLoader
2016-10-31 17:47:11,547 - ClasspathResourceLoader : initialization starting.
2016-10-31 17:47:11,547 - ClasspathResourceLoader : initialization complete.
2016-10-31 17:47:11,551 - ResourceCache : initialized. (class org.apache.velocity.runtime.resource.ResourceCacheImpl)
2016-10-31 17:47:11,551 - Default ResourceManager initialization complete.
2016-10-31 17:47:11,555 - Loaded System Directive: org.apache.velocity.runtime.directive.Literal
2016-10-31 17:47:11,558 - Loaded System Directive: org.apache.velocity.runtime.directive.Macro
2016-10-31 17:47:11,564 - Loaded System Directive: org.apache.velocity.runtime.directive.Parse
2016-10-31 17:47:11,567 - Loaded System Directive: org.apache.velocity.runtime.directive.Include
2016-10-31 17:47:11,569 - Loaded System Directive: org.apache.velocity.runtime.directive.Foreach
2016-10-31 17:47:11,597 - Created: 20 parsers.
2016-10-31 17:47:11,602 - Velocimacro : initialization starting.
2016-10-31 17:47:11,602 - Velocimacro : adding VMs from VM library template : VM_global_library.vm
2016-10-31 17:47:11,605 - ResourceManager : unable to find resource 'VM_global_library.vm' in any resource loader.
2016-10-31 17:47:11,605 - Velocimacro : error using  VM library template VM_global_library.vm : org.apache.velocity.exception.ResourceNotFoundException: Unable to find resource 'VM_global_library.vm'
2016-10-31 17:47:11,605 - Velocimacro :  VM library template macro registration complete.
2016-10-31 17:47:11,605 - Velocimacro : allowInline = true : VMs can be defined inline in templates
2016-10-31 17:47:11,605 - Velocimacro : allowInlineToOverride = false : VMs defined inline may NOT replace previous VM definitions
2016-10-31 17:47:11,605 - Velocimacro : allowInlineLocal = false : VMs defined inline will be  global in scope if allowed.
2016-10-31 17:47:11,606 - Velocimacro : messages on  : VM system will output logging messages
2016-10-31 17:47:11,606 - Velocimacro : autoload off  : VM system will not automatically reload global library macros
2016-10-31 17:47:11,606 - Velocimacro : initialization complete.
2016-10-31 17:47:11,606 - Velocity successfully started.
2016-10-31 17:47:52,298 - SimpleLog4JLogSystem initialized using logfile 'velocity.log'
2016-10-31 17:47:52,299 - ************************************************************** 
2016-10-31 17:47:52,299 - Starting Jakarta Velocity v1.4
2016-10-31 17:47:52,299 - RuntimeInstance initializing.
2016-10-31 17:47:52,299 - Default Properties File: org/apache/velocity/runtime/defaults/velocity.properties
2016-10-31 17:47:52,299 - Trying to use logger class org.apache.velocity.runtime.log.SimpleLog4JLogSystem
2016-10-31 17:47:52,299 - Using logger class org.apache.velocity.runtime.log.SimpleLog4JLogSystem
2016-10-31 17:47:52,307 - Default ResourceManager initializing. (class org.apache.velocity.runtime.resource.ResourceManagerImpl)
2016-10-31 17:47:52,314 - Resource Loader Instantiated: org.apache.velocity.runtime.resource.loader.ClasspathResourceLoader
2016-10-31 17:47:52,314 - ClasspathResourceLoader : initialization starting.
2016-10-31 17:47:52,314 - ClasspathResourceLoader : initialization complete.
2016-10-31 17:47:52,318 - ResourceCache : initialized. (class org.apache.velocity.runtime.resource.ResourceCacheImpl)
2016-10-31 17:47:52,318 - Default ResourceManager initialization complete.
2016-10-31 17:47:52,322 - Loaded System Directive: org.apache.velocity.runtime.directive.Literal
2016-10-31 17:47:52,326 - Loaded System Directive: org.apache.velocity.runtime.directive.Macro
2016-10-31 17:47:52,332 - Loaded System Directive: org.apache.velocity.runtime.directive.Parse
2016-10-31 17:47:52,335 - Loaded System Directive: org.apache.velocity.runtime.directive.Include
2016-10-31 17:47:52,346 - Loaded System Directive: org.apache.velocity.runtime.directive.Foreach
2016-10-31 17:47:52,376 - Created: 20 parsers.
2016-10-31 17:47:52,383 - Velocimacro : initialization starting.
2016-10-31 17:47:52,383 - Velocimacro : adding VMs from VM library template : VM_global_library.vm
2016-10-31 17:47:52,387 - ResourceManager : unable to find resource 'VM_global_library.vm' in any resource loader.
2016-10-31 17:47:52,387 - Velocimacro : error using  VM library template VM_global_library.vm : org.apache.velocity.exception.ResourceNotFoundException: Unable to find resource 'VM_global_library.vm'
2016-10-31 17:47:52,387 - Velocimacro :  VM library template macro registration complete.
2016-10-31 17:47:52,387 - Velocimacro : allowInline = true : VMs can be defined inline in templates
2016-10-31 17:47:52,388 - Velocimacro : allowInlineToOverride = false : VMs defined inline may NOT replace previous VM definitions
2016-10-31 17:47:52,388 - Velocimacro : allowInlineLocal = false : VMs defined inline will be  global in scope if allowed.
2016-10-31 17:47:52,388 - Velocimacro : messages on  : VM system will output logging messages
2016-10-31 17:47:52,388 - Velocimacro : autoload off  : VM system will not automatically reload global library macros
2016-10-31 17:47:52,388 - Velocimacro : initialization complete.
2016-10-31 17:47:52,388 - Velocity successfully started.
2016-10-31 17:49:01,987 - SimpleLog4JLogSystem initialized using logfile 'velocity.log'
2016-10-31 17:49:01,988 - ************************************************************** 
2016-10-31 17:49:01,988 - Starting Jakarta Velocity v1.4
2016-10-31 17:49:01,988 - RuntimeInstance initializing.
2016-10-31 17:49:01,988 - Default Properties File: org/apache/velocity/runtime/defaults/velocity.properties
2016-10-31 17:49:01,988 - Trying to use logger class org.apache.velocity.runtime.log.SimpleLog4JLogSystem
2016-10-31 17:49:01,988 - Using logger class org.apache.velocity.runtime.log.SimpleLog4JLogSystem
2016-10-31 17:49:01,996 - Default ResourceManager initializing. (class org.apache.velocity.runtime.resource.ResourceManagerImpl)
2016-10-31 17:49:02,004 - Resource Loader Instantiated: org.apache.velocity.runtime.resource.loader.ClasspathResourceLoader
2016-10-31 17:49:02,005 - ClasspathResourceLoader : initialization starting.
2016-10-31 17:49:02,005 - ClasspathResourceLoader : initialization complete.
2016-10-31 17:49:02,009 - ResourceCache : initialized. (class org.apache.velocity.runtime.resource.ResourceCacheImpl)
2016-10-31 17:49:02,009 - Default ResourceManager initialization complete.
2016-10-31 17:49:02,014 - Loaded System Directive: org.apache.velocity.runtime.directive.Literal
2016-10-31 17:49:02,018 - Loaded System Directive: org.apache.velocity.runtime.directive.Macro
2016-10-31 17:49:02,035 - Loaded System Directive: org.apache.velocity.runtime.directive.Parse
2016-10-31 17:49:02,038 - Loaded System Directive: org.apache.velocity.runtime.directive.Include
2016-10-31 17:49:02,040 - Loaded System Directive: org.apache.velocity.runtime.directive.Foreach
2016-10-31 17:49:02,064 - Created: 20 parsers.
2016-10-31 17:49:02,071 - Velocimacro : initialization starting.
2016-10-31 17:49:02,071 - Velocimacro : adding VMs from VM library template : VM_global_library.vm
2016-10-31 17:49:02,076 - ResourceManager : unable to find resource 'VM_global_library.vm' in any resource loader.
2016-10-31 17:49:02,076 - Velocimacro : error using  VM library template VM_global_library.vm : org.apache.velocity.exception.ResourceNotFoundException: Unable to find resource 'VM_global_library.vm'
2016-10-31 17:49:02,076 - Velocimacro :  VM library template macro registration complete.
2016-10-31 17:49:02,076 - Velocimacro : allowInline = true : VMs can be defined inline in templates
2016-10-31 17:49:02,076 - Velocimacro : allowInlineToOverride = false : VMs defined inline may NOT replace previous VM definitions
2016-10-31 17:49:02,076 - Velocimacro : allowInlineLocal = false : VMs defined inline will be  global in scope if allowed.
2016-10-31 17:49:02,076 - Velocimacro : messages on  : VM system will output logging messages
2016-10-31 17:49:02,076 - Velocimacro : autoload off  : VM system will not automatically reload global library macros
2016-10-31 17:49:02,076 - Velocimacro : initialization complete.
2016-10-31 17:49:02,076 - Velocity successfully started.
2016-11-01 08:23:24,022 - SimpleLog4JLogSystem initialized using logfile 'velocity.log'
2016-11-01 08:23:24,024 - ************************************************************** 
2016-11-01 08:23:24,024 - Starting Jakarta Velocity v1.4
2016-11-01 08:23:24,024 - RuntimeInstance initializing.
2016-11-01 08:23:24,024 - Default Properties File: org/apache/velocity/runtime/defaults/velocity.properties
2016-11-01 08:23:24,024 - Trying to use logger class org.apache.velocity.runtime.log.SimpleLog4JLogSystem
2016-11-01 08:23:24,024 - Using logger class org.apache.velocity.runtime.log.SimpleLog4JLogSystem
2016-11-01 08:23:24,032 - Default ResourceManager initializing. (class org.apache.velocity.runtime.resource.ResourceManagerImpl)
2016-11-01 08:23:24,040 - Resource Loader Instantiated: org.apache.velocity.runtime.resource.loader.ClasspathResourceLoader
2016-11-01 08:23:24,040 - ClasspathResourceLoader : initialization starting.
2016-11-01 08:23:24,040 - ClasspathResourceLoader : initialization complete.
2016-11-01 08:23:24,043 - ResourceCache : initialized. (class org.apache.velocity.runtime.resource.ResourceCacheImpl)
2016-11-01 08:23:24,043 - Default ResourceManager initialization complete.
2016-11-01 08:23:24,055 - Loaded System Directive: org.apache.velocity.runtime.directive.Literal
2016-11-01 08:23:24,060 - Loaded System Directive: org.apache.velocity.runtime.directive.Macro
2016-11-01 08:23:24,064 - Loaded System Directive: org.apache.velocity.runtime.directive.Parse
2016-11-01 08:23:24,066 - Loaded System Directive: org.apache.velocity.runtime.directive.Include
2016-11-01 08:23:24,067 - Loaded System Directive: org.apache.velocity.runtime.directive.Foreach
2016-11-01 08:23:24,092 - Created: 20 parsers.
2016-11-01 08:23:24,099 - Velocimacro : initialization starting.
2016-11-01 08:23:24,099 - Velocimacro : adding VMs from VM library template : VM_global_library.vm
2016-11-01 08:23:24,103 - ResourceManager : unable to find resource 'VM_global_library.vm' in any resource loader.
2016-11-01 08:23:24,104 - Velocimacro : error using  VM library template VM_global_library.vm : org.apache.velocity.exception.ResourceNotFoundException: Unable to find resource 'VM_global_library.vm'
2016-11-01 08:23:24,104 - Velocimacro :  VM library template macro registration complete.
2016-11-01 08:23:24,104 - Velocimacro : allowInline = true : VMs can be defined inline in templates
2016-11-01 08:23:24,104 - Velocimacro : allowInlineToOverride = false : VMs defined inline may NOT replace previous VM definitions
2016-11-01 08:23:24,104 - Velocimacro : allowInlineLocal = false : VMs defined inline will be  global in scope if allowed.
2016-11-01 08:23:24,104 - Velocimacro : messages on  : VM system will output logging messages
2016-11-01 08:23:24,104 - Velocimacro : autoload off  : VM system will not automatically reload global library macros
2016-11-01 08:23:24,104 - Velocimacro : initialization complete.
2016-11-01 08:23:24,104 - Velocity successfully started.
2016-11-01 08:53:06,481 - SimpleLog4JLogSystem initialized using logfile 'velocity.log'
2016-11-01 08:53:06,482 - ************************************************************** 
2016-11-01 08:53:06,482 - Starting Jakarta Velocity v1.4
2016-11-01 08:53:06,482 - RuntimeInstance initializing.
2016-11-01 08:53:06,482 - Default Properties File: org/apache/velocity/runtime/defaults/velocity.properties
2016-11-01 08:53:06,482 - Trying to use logger class org.apache.velocity.runtime.log.SimpleLog4JLogSystem
2016-11-01 08:53:06,482 - Using logger class org.apache.velocity.runtime.log.SimpleLog4JLogSystem
2016-11-01 08:53:06,491 - Default ResourceManager initializing. (class org.apache.velocity.runtime.resource.ResourceManagerImpl)
2016-11-01 08:53:06,501 - Resource Loader Instantiated: org.apache.velocity.runtime.resource.loader.ClasspathResourceLoader
2016-11-01 08:53:06,502 - ClasspathResourceLoader : initialization starting.
2016-11-01 08:53:06,502 - ClasspathResourceLoader : initialization complete.
2016-11-01 08:53:06,515 - ResourceCache : initialized. (class org.apache.velocity.runtime.resource.ResourceCacheImpl)
2016-11-01 08:53:06,515 - Default ResourceManager initialization complete.
2016-11-01 08:53:06,521 - Loaded System Directive: org.apache.velocity.runtime.directive.Literal
2016-11-01 08:53:06,524 - Loaded System Directive: org.apache.velocity.runtime.directive.Macro
2016-11-01 08:53:06,532 - Loaded System Directive: org.apache.velocity.runtime.directive.Parse
2016-11-01 08:53:06,537 - Loaded System Directive: org.apache.velocity.runtime.directive.Include
2016-11-01 08:53:06,544 - Loaded System Directive: org.apache.velocity.runtime.directive.Foreach
2016-11-01 08:53:06,578 - Created: 20 parsers.
2016-11-01 08:53:06,585 - Velocimacro : initialization starting.
2016-11-01 08:53:06,585 - Velocimacro : adding VMs from VM library template : VM_global_library.vm
2016-11-01 08:53:06,588 - ResourceManager : unable to find resource 'VM_global_library.vm' in any resource loader.
2016-11-01 08:53:06,588 - Velocimacro : error using  VM library template VM_global_library.vm : org.apache.velocity.exception.ResourceNotFoundException: Unable to find resource 'VM_global_library.vm'
2016-11-01 08:53:06,588 - Velocimacro :  VM library template macro registration complete.
2016-11-01 08:53:06,588 - Velocimacro : allowInline = true : VMs can be defined inline in templates
2016-11-01 08:53:06,588 - Velocimacro : allowInlineToOverride = false : VMs defined inline may NOT replace previous VM definitions
2016-11-01 08:53:06,588 - Velocimacro : allowInlineLocal = false : VMs defined inline will be  global in scope if allowed.
2016-11-01 08:53:06,588 - Velocimacro : messages on  : VM system will output logging messages
2016-11-01 08:53:06,588 - Velocimacro : autoload off  : VM system will not automatically reload global library macros
2016-11-01 08:53:06,588 - Velocimacro : initialization complete.
2016-11-01 08:53:06,588 - Velocity successfully started.
2016-11-01 09:05:17,463 - SimpleLog4JLogSystem initialized using logfile 'velocity.log'
2016-11-01 09:05:17,464 - ************************************************************** 
2016-11-01 09:05:17,464 - Starting Jakarta Velocity v1.4
2016-11-01 09:05:17,464 - RuntimeInstance initializing.
2016-11-01 09:05:17,464 - Default Properties File: org/apache/velocity/runtime/defaults/velocity.properties
2016-11-01 09:05:17,464 - Trying to use logger class org.apache.velocity.runtime.log.SimpleLog4JLogSystem
2016-11-01 09:05:17,464 - Using logger class org.apache.velocity.runtime.log.SimpleLog4JLogSystem
2016-11-01 09:05:17,472 - Default ResourceManager initializing. (class org.apache.velocity.runtime.resource.ResourceManagerImpl)
2016-11-01 09:05:17,479 - Resource Loader Instantiated: org.apache.velocity.runtime.resource.loader.ClasspathResourceLoader
2016-11-01 09:05:17,479 - ClasspathResourceLoader : initialization starting.
2016-11-01 09:05:17,479 - ClasspathResourceLoader : initialization complete.
2016-11-01 09:05:17,483 - ResourceCache : initialized. (class org.apache.velocity.runtime.resource.ResourceCacheImpl)
2016-11-01 09:05:17,483 - Default ResourceManager initialization complete.
2016-11-01 09:05:17,488 - Loaded System Directive: org.apache.velocity.runtime.directive.Literal
2016-11-01 09:05:17,493 - Loaded System Directive: org.apache.velocity.runtime.directive.Macro
2016-11-01 09:05:17,499 - Loaded System Directive: org.apache.velocity.runtime.directive.Parse
2016-11-01 09:05:17,501 - Loaded System Directive: org.apache.velocity.runtime.directive.Include
2016-11-01 09:05:17,502 - Loaded System Directive: org.apache.velocity.runtime.directive.Foreach
2016-11-01 09:05:17,541 - Created: 20 parsers.
2016-11-01 09:05:17,548 - Velocimacro : initialization starting.
2016-11-01 09:05:17,548 - Velocimacro : adding VMs from VM library template : VM_global_library.vm
2016-11-01 09:05:17,552 - ResourceManager : unable to find resource 'VM_global_library.vm' in any resource loader.
2016-11-01 09:05:17,552 - Velocimacro : error using  VM library template VM_global_library.vm : org.apache.velocity.exception.ResourceNotFoundException: Unable to find resource 'VM_global_library.vm'
2016-11-01 09:05:17,552 - Velocimacro :  VM library template macro registration complete.
2016-11-01 09:05:17,552 - Velocimacro : allowInline = true : VMs can be defined inline in templates
2016-11-01 09:05:17,552 - Velocimacro : allowInlineToOverride = false : VMs defined inline may NOT replace previous VM definitions
2016-11-01 09:05:17,552 - Velocimacro : allowInlineLocal = false : VMs defined inline will be  global in scope if allowed.
2016-11-01 09:05:17,552 - Velocimacro : messages on  : VM system will output logging messages
2016-11-01 09:05:17,552 - Velocimacro : autoload off  : VM system will not automatically reload global library macros
2016-11-01 09:05:17,552 - Velocimacro : initialization complete.
2016-11-01 09:05:17,553 - Velocity successfully started.
2016-11-01 09:46:58,647 - SimpleLog4JLogSystem initialized using logfile 'velocity.log'
2016-11-01 09:46:58,648 - ************************************************************** 
2016-11-01 09:46:58,648 - Starting Jakarta Velocity v1.4
2016-11-01 09:46:58,648 - RuntimeInstance initializing.
2016-11-01 09:46:58,649 - Default Properties File: org/apache/velocity/runtime/defaults/velocity.properties
2016-11-01 09:46:58,649 - Trying to use logger class org.apache.velocity.runtime.log.SimpleLog4JLogSystem
2016-11-01 09:46:58,649 - Using logger class org.apache.velocity.runtime.log.SimpleLog4JLogSystem
2016-11-01 09:46:58,657 - Default ResourceManager initializing. (class org.apache.velocity.runtime.resource.ResourceManagerImpl)
2016-11-01 09:46:58,667 - Resource Loader Instantiated: org.apache.velocity.runtime.resource.loader.ClasspathResourceLoader
2016-11-01 09:46:58,668 - ClasspathResourceLoader : initialization starting.
2016-11-01 09:46:58,668 - ClasspathResourceLoader : initialization complete.
2016-11-01 09:46:58,685 - ResourceCache : initialized. (class org.apache.velocity.runtime.resource.ResourceCacheImpl)
2016-11-01 09:46:58,685 - Default ResourceManager initialization complete.
2016-11-01 09:46:58,693 - Loaded System Directive: org.apache.velocity.runtime.directive.Literal
2016-11-01 09:46:58,698 - Loaded System Directive: org.apache.velocity.runtime.directive.Macro
2016-11-01 09:46:58,704 - Loaded System Directive: org.apache.velocity.runtime.directive.Parse
2016-11-01 09:46:58,709 - Loaded System Directive: org.apache.velocity.runtime.directive.Include
2016-11-01 09:46:58,711 - Loaded System Directive: org.apache.velocity.runtime.directive.Foreach
2016-11-01 09:46:58,747 - Created: 20 parsers.
2016-11-01 09:46:58,756 - Velocimacro : initialization starting.
2016-11-01 09:46:58,756 - Velocimacro : adding VMs from VM library template : VM_global_library.vm
2016-11-01 09:46:58,759 - ResourceManager : unable to find resource 'VM_global_library.vm' in any resource loader.
2016-11-01 09:46:58,760 - Velocimacro : error using  VM library template VM_global_library.vm : org.apache.velocity.exception.ResourceNotFoundException: Unable to find resource 'VM_global_library.vm'
2016-11-01 09:46:58,760 - Velocimacro :  VM library template macro registration complete.
2016-11-01 09:46:58,760 - Velocimacro : allowInline = true : VMs can be defined inline in templates
2016-11-01 09:46:58,760 - Velocimacro : allowInlineToOverride = false : VMs defined inline may NOT replace previous VM definitions
2016-11-01 09:46:58,760 - Velocimacro : allowInlineLocal = false : VMs defined inline will be  global in scope if allowed.
2016-11-01 09:46:58,760 - Velocimacro : messages on  : VM system will output logging messages
2016-11-01 09:46:58,760 - Velocimacro : autoload off  : VM system will not automatically reload global library macros
2016-11-01 09:46:58,760 - Velocimacro : initialization complete.
2016-11-01 09:46:58,760 - Velocity successfully started.
